<?xml version="1.0" encoding="UTF-8"?>
<testng-results skipped="1" failed="0" ignored="0" total="1" passed="0">
  <reporter-output>
  </reporter-output>
  <suite name="Default suite" duration-ms="908" started-at="2018-03-05T14:35:20Z" finished-at="2018-03-05T14:35:21Z">
    <groups>
    </groups>
    <test name="Default test" duration-ms="908" started-at="2018-03-05T14:35:20Z" finished-at="2018-03-05T14:35:21Z">
      <class name="testCases.Framework_001">
        <test-method status="FAIL" signature="beforeMethod()[pri:0, instance:testCases.Framework_001@64485a47]" name="beforeMethod" is-config="true" duration-ms="834" started-at="2018-03-05T20:05:20Z" finished-at="2018-03-05T20:05:20Z">
          <exception class="java.lang.StackOverflowError">
            <full-stacktrace>
              <![CDATA[java.lang.StackOverflowErrorat org.apache.logging.log4j.util.StackLocator.getCallerClass(StackLocator.java:125)at org.apache.logging.log4j.util.StackLocatorUtil.getCallerClass(StackLocatorUtil.java:55)at org.apache.logging.slf4j.Log4jLoggerFactory.getContext(Log4jLoggerFactory.java:42)at org.apache.logging.log4j.spi.AbstractLoggerAdapter.getLogger(AbstractLoggerAdapter.java:46)at org.apache.logging.slf4j.Log4jLoggerFactory.getLogger(Log4jLoggerFactory.java:29)at org.slf4j.LoggerFactory.getLogger(LoggerFactory.java:358)at org.apache.logging.slf4j.SLF4JLoggerContext.getLogger(SLF4JLoggerContext.java:39)at org.apache.logging.slf4j.Log4jLoggerFactory.newLogger(Log4jLoggerFactory.java:37)at org.apache.logging.slf4j.Log4jLoggerFactory.newLogger(Log4jLoggerFactory.java:29)at org.apache.logging.log4j.spi.AbstractLoggerAdapter.getLogger(AbstractLoggerAdapter.java:52)at org.apache.logging.slf4j.Log4jLoggerFactory.getLogger(Log4jLoggerFactory.java:29)at org.slf4j.LoggerFactory.getLogger(LoggerFactory.java:358)at org.apache.logging.slf4j.SLF4JLoggerContext.getLogger(SLF4JLoggerContext.java:39)at org.apache.logging.slf4j.Log4jLoggerFactory.newLogger(Log4jLoggerFactory.java:37)at org.apache.logging.slf4j.Log4jLoggerFactory.newLogger(Log4jLoggerFactory.java:29)at org.apache.logging.log4j.spi.AbstractLoggerAdapter.getLogger(AbstractLoggerAdapter.java:52)at org.apache.logging.slf4j.Log4jLoggerFactory.getLogger(Log4jLoggerFactory.java:29)at org.slf4j.LoggerFactory.getLogger(LoggerFactory.java:358)at org.apache.logging.slf4j.SLF4JLoggerContext.getLogger(SLF4JLoggerContext.java:39)at org.apache.logging.slf4j.Log4jLoggerFactory.newLogger(Log4jLoggerFactory.java:37)at org.apache.logging.slf4j.Log4jLoggerFactory.newLogger(Log4jLoggerFactory.java:29)at org.apache.logging.log4j.spi.AbstractLoggerAdapter.getLogger(AbstractLoggerAdapter.java:52)at org.apache.logging.slf4j.Log4jLoggerFactory.getLogger(Log4jLoggerFactory.java:29)at org.slf4j.LoggerFactory.getLogger(LoggerFactory.java:358)at org.apache.logging.slf4j.SLF4JLoggerContext.getLogger(SLF4JLoggerContext.java:39)at org.apache.logging.slf4j.Log4jLoggerFactory.newLogger(Log4jLoggerFactory.java:37)at org.apache.logging.slf4j.Log4jLoggerFactory.newLogger(Log4jLoggerFactory.java:29)at org.apache.logging.log4j.spi.AbstractLoggerAdapter.getLogger(AbstractLoggerAdapter.java:52)at org.apache.logging.slf4j.Log4jLoggerFactory.getLogger(Log4jLoggerFactory.java:29)at org.slf4j.LoggerFactory.getLogger(LoggerFactory.java:358)at org.apache.logging.slf4j.SLF4JLoggerContext.getLogger(SLF4JLoggerContext.java:39)at org.apache.logging.slf4j.Log4jLoggerFactory.newLogger(Log4jLoggerFactory.java:37)at org.apache.logging.slf4j.Log4jLoggerFactory.newLogger(Log4jLoggerFactory.java:29)at org.apache.logging.log4j.spi.AbstractLoggerAdapter.getLogger(AbstractLoggerAdapter.java:52)at org.apache.logging.slf4j.Log4jLoggerFactory.getLogger(Log4jLoggerFactory.java:29)at org.slf4j.LoggerFactory.getLogger(LoggerFactory.java:358)at org.apache.logging.slf4j.SLF4JLoggerContext.getLogger(SLF4JLoggerContext.java:39)at org.apache.logging.slf4j.Log4jLoggerFactory.newLogger(Log4jLoggerFactory.java:37)at org.apache.logging.slf4j.Log4jLoggerFactory.newLogger(Log4jLoggerFactory.java:29)at org.apache.logging.log4j.spi.AbstractLoggerAdapter.getLogger(AbstractLoggerAdapter.java:52)at org.apache.logging.slf4j.Log4jLoggerFactory.getLogger(Log4jLoggerFactory.java:29)at org.slf4j.LoggerFactory.getLogger(LoggerFactory.java:358)at org.apache.logging.slf4j.SLF4JLoggerContext.getLogger(SLF4JLoggerContext.java:39)at org.apache.logging.slf4j.Log4jLoggerFactory.newLogger(Log4jLoggerFactory.java:37)at org.apache.logging.slf4j.Log4jLoggerFactory.newLogger(Log4jLoggerFactory.java:29)at org.apache.logging.log4j.spi.AbstractLoggerAdapter.getLogger(AbstractLoggerAdapter.java:52)at org.apache.logging.slf4j.Log4jLoggerFactory.getLogger(Log4jLoggerFactory.java:29)at org.slf4j.LoggerFactory.getLogger(LoggerFactory.java:358)at org.apache.logging.slf4j.SLF4JLoggerContext.getLogger(SLF4JLoggerContext.java:39)at org.apache.logging.slf4j.Log4jLoggerFactory.newLogger(Log4jLoggerFactory.java:37)at org.apache.logging.slf4j.Log4jLoggerFactory.newLogger(Log4jLoggerFactory.java:29)at org.apache.logging.log4j.spi.AbstractLoggerAdapter.getLogger(AbstractLoggerAdapter.java:52)at org.apache.logging.slf4j.Log4jLoggerFactory.getLogger(Log4jLoggerFactory.java:29)at org.slf4j.LoggerFactory.getLogger(LoggerFactory.java:358)at org.apache.logging.slf4j.SLF4JLoggerContext.getLogger(SLF4JLoggerContext.java:39)at org.apache.logging.slf4j.Log4jLoggerFactory.newLogger(Log4jLoggerFactory.java:37)at org.apache.logging.slf4j.Log4jLoggerFactory.newLogger(Log4jLoggerFactory.java:29)at org.apache.logging.log4j.spi.AbstractLoggerAdapter.getLogger(AbstractLoggerAdapter.java:52)at org.apache.logging.slf4j.Log4jLoggerFactory.getLogger(Log4jLoggerFactory.java:29)at org.slf4j.LoggerFactory.getLogger(LoggerFactory.java:358)at org.apache.logging.slf4j.SLF4JLoggerContext.getLogger(SLF4JLoggerContext.java:39)at org.apache.logging.slf4j.Log4jLoggerFactory.newLogger(Log4jLoggerFactory.java:37)at org.apache.logging.slf4j.Log4jLoggerFactory.newLogger(Log4jLoggerFactory.java:29)at org.apache.logging.log4j.spi.AbstractLoggerAdapter.getLogger(AbstractLoggerAdapter.java:52)at org.apache.logging.slf4j.Log4jLoggerFactory.getLogger(Log4jLoggerFactory.java:29)at org.slf4j.LoggerFactory.getLogger(LoggerFactory.java:358)at org.apache.logging.slf4j.SLF4JLoggerContext.getLogger(SLF4JLoggerContext.java:39)at org.apache.logging.slf4j.Log4jLoggerFactory.newLogger(Log4jLoggerFactory.java:37)at org.apache.logging.slf4j.Log4jLoggerFactory.newLogger(Log4jLoggerFactory.java:29)at org.apache.logging.log4j.spi.AbstractLoggerAdapter.getLogger(AbstractLoggerAdapter.java:52)at org.apache.logging.slf4j.Log4jLoggerFactory.getLogger(Log4jLoggerFactory.java:29)at org.slf4j.LoggerFactory.getLogger(LoggerFactory.java:358)at org.apache.logging.slf4j.SLF4JLoggerContext.getLogger(SLF4JLoggerContext.java:39)at org.apache.logging.slf4j.Log4jLoggerFactory.newLogger(Log4jLoggerFactory.java:37)at org.apache.logging.slf4j.Log4jLoggerFactory.newLogger(Log4jLoggerFactory.java:29)at org.apache.logging.log4j.spi.AbstractLoggerAdapter.getLogger(AbstractLoggerAdapter.java:52)at org.apache.logging.slf4j.Log4jLoggerFactory.getLogger(Log4jLoggerFactory.java:29)at org.slf4j.LoggerFactory.getLogger(LoggerFactory.java:358)at org.apache.logging.slf4j.SLF4JLoggerContext.getLogger(SLF4JLoggerContext.java:39)at org.apache.logging.slf4j.Log4jLoggerFactory.newLogger(Log4jLoggerFactory.java:37)at org.apache.logging.slf4j.Log4jLoggerFactory.newLogger(Log4jLoggerFactory.java:29)at org.apache.logging.log4j.spi.AbstractLoggerAdapter.getLogger(AbstractLoggerAdapter.java:52)at org.apache.logging.slf4j.Log4jLoggerFactory.getLogger(Log4jLoggerFactory.java:29)at org.slf4j.LoggerFactory.getLogger(LoggerFactory.java:358)at org.apache.logging.slf4j.SLF4JLoggerContext.getLogger(SLF4JLoggerContext.java:39)at org.apache.logging.slf4j.Log4jLoggerFactory.newLogger(Log4jLoggerFactory.java:37)at org.apache.logging.slf4j.Log4jLoggerFactory.newLogger(Log4jLoggerFactory.java:29)at org.apache.logging.log4j.spi.AbstractLoggerAdapter.getLogger(AbstractLoggerAdapter.java:52)at org.apache.logging.slf4j.Log4jLoggerFactory.getLogger(Log4jLoggerFactory.java:29)at org.slf4j.LoggerFactory.getLogger(LoggerFactory.java:358)at org.apache.logging.slf4j.SLF4JLoggerContext.getLogger(SLF4JLoggerContext.java:39)at org.apache.logging.slf4j.Log4jLoggerFactory.newLogger(Log4jLoggerFactory.java:37)at org.apache.logging.slf4j.Log4jLoggerFactory.newLogger(Log4jLoggerFactory.java:29)at org.apache.logging.log4j.spi.AbstractLoggerAdapter.getLogger(AbstractLoggerAdapter.java:52)at org.apache.logging.slf4j.Log4jLoggerFactory.getLogger(Log4jLoggerFactory.java:29)at org.slf4j.LoggerFactory.getLogger(LoggerFactory.java:358)at org.apache.logging.slf4j.SLF4JLoggerContext.getLogger(SLF4JLoggerContext.java:39)at org.apache.logging.slf4j.Log4jLoggerFactory.newLogger(Log4jLoggerFactory.java:37)at org.apache.logging.slf4j.Log4jLoggerFactory.newLogger(Log4jLoggerFactory.java:29)at org.apache.logging.log4j.spi.AbstractLoggerAdapter.getLogger(AbstractLoggerAdapter.java:52)at org.apache.logging.slf4j.Log4jLoggerFactory.getLogger(Log4jLoggerFactory.java:29)at org.slf4j.LoggerFactory.getLogger(LoggerFactory.java:358)at org.apache.logging.slf4j.SLF4JLoggerContext.getLogger(SLF4JLoggerContext.java:39)at org.apache.logging.slf4j.Log4jLoggerFactory.newLogger(Log4jLoggerFactory.java:37)at org.apache.logging.slf4j.Log4jLoggerFactory.newLogger(Log4jLoggerFactory.java:29)at org.apache.logging.log4j.spi.AbstractLoggerAdapter.getLogger(AbstractLoggerAdapter.java:52)at org.apache.logging.slf4j.Log4jLoggerFactory.getLogger(Log4jLoggerFactory.java:29)at org.slf4j.LoggerFactory.getLogger(LoggerFactory.java:358)at org.apache.logging.slf4j.SLF4JLoggerContext.getLogger(SLF4JLoggerContext.java:39)at org.apache.logging.slf4j.Log4jLoggerFactory.newLogger(Log4jLoggerFactory.java:37)at org.apache.logging.slf4j.Log4jLoggerFactory.newLogger(Log4jLoggerFactory.java:29)at org.apache.logging.log4j.spi.AbstractLoggerAdapter.getLogger(AbstractLoggerAdapter.java:52)at org.apache.logging.slf4j.Log4jLoggerFactory.getLogger(Log4jLoggerFactory.java:29)at org.slf4j.LoggerFactory.getLogger(LoggerFactory.java:358)at org.apache.logging.slf4j.SLF4JLoggerContext.getLogger(SLF4JLoggerContext.java:39)at org.apache.logging.slf4j.Log4jLoggerFactory.newLogger(Log4jLoggerFactory.java:37)at org.apache.logging.slf4j.Log4jLoggerFactory.newLogger(Log4jLoggerFactory.java:29)at org.apache.logging.log4j.spi.AbstractLoggerAdapter.getLogger(AbstractLoggerAdapter.java:52)at org.apache.logging.slf4j.Log4jLoggerFactory.getLogger(Log4jLoggerFactory.java:29)at org.slf4j.LoggerFactory.getLogger(LoggerFactory.java:358)at org.apache.logging.slf4j.SLF4JLoggerContext.getLogger(SLF4JLoggerContext.java:39)at org.apache.logging.slf4j.Log4jLoggerFactory.newLogger(Log4jLoggerFactory.java:37)at org.apache.logging.slf4j.Log4jLoggerFactory.newLogger(Log4jLoggerFactory.java:29)at org.apache.logging.log4j.spi.AbstractLoggerAdapter.getLogger(AbstractLoggerAdapter.java:52)at org.apache.logging.slf4j.Log4jLoggerFactory.getLogger(Log4jLoggerFactory.java:29)at org.slf4j.LoggerFactory.getLogger(LoggerFactory.java:358)at org.apache.logging.slf4j.SLF4JLoggerContext.getLogger(SLF4JLoggerContext.java:39)at org.apache.logging.slf4j.Log4jLoggerFactory.newLogger(Log4jLoggerFactory.java:37)at org.apache.logging.slf4j.Log4jLoggerFactory.newLogger(Log4jLoggerFactory.java:29)at org.apache.logging.log4j.spi.AbstractLoggerAdapter.getLogger(AbstractLoggerAdapter.java:52)at org.apache.logging.slf4j.Log4jLoggerFactory.getLogger(Log4jLoggerFactory.java:29)at org.slf4j.LoggerFactory.getLogger(LoggerFactory.java:358)at org.apache.logging.slf4j.SLF4JLoggerContext.getLogger(SLF4JLoggerContext.java:39)at org.apache.logging.slf4j.Log4jLoggerFactory.newLogger(Log4jLoggerFactory.java:37)at org.apache.logging.slf4j.Log4jLoggerFactory.newLogger(Log4jLoggerFactory.java:29)at org.apache.logging.log4j.spi.AbstractLoggerAdapter.getLogger(AbstractLoggerAdapter.java:52)at org.apache.logging.slf4j.Log4jLoggerFactory.getLogger(Log4jLoggerFactory.java:29)at org.slf4j.LoggerFactory.getLogger(LoggerFactory.java:358)at org.apache.logging.slf4j.SLF4JLoggerContext.getLogger(SLF4JLoggerContext.java:39)at org.apache.logging.slf4j.Log4jLoggerFactory.newLogger(Log4jLoggerFactory.java:37)at org.apache.logging.slf4j.Log4jLoggerFactory.newLogger(Log4jLoggerFactory.java:29)at org.apache.logging.log4j.spi.AbstractLoggerAdapter.getLogger(AbstractLoggerAdapter.java:52)at org.apache.logging.slf4j.Log4jLoggerFactory.getLogger(Log4jLoggerFactory.java:29)at org.slf4j.LoggerFactory.getLogger(LoggerFactory.java:358)at org.apache.logging.slf4j.SLF4JLoggerContext.getLogger(SLF4JLoggerContext.java:39)at org.apache.logging.slf4j.Log4jLoggerFactory.newLogger(Log4jLoggerFactory.java:37)at org.apache.logging.slf4j.Log4jLoggerFactory.newLogger(Log4jLoggerFactory.java:29)at org.apache.logging.log4j.spi.AbstractLoggerAdapter.getLogger(AbstractLoggerAdapter.java:52)at org.apache.logging.slf4j.Log4jLoggerFactory.getLogger(Log4jLoggerFactory.java:29)at org.slf4j.LoggerFactory.getLogger(LoggerFactory.java:358)at org.apache.logging.slf4j.SLF4JLoggerContext.getLogger(SLF4JLoggerContext.java:39)at org.apache.logging.slf4j.Log4jLoggerFactory.newLogger(Log4jLoggerFactory.java:37)at org.apache.logging.slf4j.Log4jLoggerFactory.newLogger(Log4jLoggerFactory.java:29)at org.apache.logging.log4j.spi.AbstractLoggerAdapter.getLogger(AbstractLoggerAdapter.java:52)at org.apache.logging.slf4j.Log4jLoggerFactory.getLogger(Log4jLoggerFactory.java:29)at org.slf4j.LoggerFactory.getLogger(LoggerFactory.java:358)at org.apache.logging.slf4j.SLF4JLoggerContext.getLogger(SLF4JLoggerContext.java:39)at org.apache.logging.slf4j.Log4jLoggerFactory.newLogger(Log4jLoggerFactory.java:37)at org.apache.logging.slf4j.Log4jLoggerFactory.newLogger(Log4jLoggerFactory.java:29)at org.apache.logging.log4j.spi.AbstractLoggerAdapter.getLogger(AbstractLoggerAdapter.java:52)at org.apache.logging.slf4j.Log4jLoggerFactory.getLogger(Log4jLoggerFactory.java:29)at org.slf4j.LoggerFactory.getLogger(LoggerFactory.java:358)at org.apache.logging.slf4j.SLF4JLoggerContext.getLogger(SLF4JLoggerContext.java:39)at org.apache.logging.slf4j.Log4jLoggerFactory.newLogger(Log4jLoggerFactory.java:37)at org.apache.logging.slf4j.Log4jLoggerFactory.newLogger(Log4jLoggerFactory.java:29)at org.apache.logging.log4j.spi.AbstractLoggerAdapter.getLogger(AbstractLoggerAdapter.java:52)at org.apache.logging.slf4j.Log4jLoggerFactory.getLogger(Log4jLoggerFactory.java:29)at org.slf4j.LoggerFactory.getLogger(LoggerFactory.java:358)at org.apache.logging.slf4j.SLF4JLoggerContext.getLogger(SLF4JLoggerContext.java:39)at org.apache.logging.slf4j.Log4jLoggerFactory.newLogger(Log4jLoggerFactory.java:37)at org.apache.logging.slf4j.Log4jLoggerFactory.newLogger(Log4jLoggerFactory.java:29)at org.apache.logging.log4j.spi.AbstractLoggerAdapter.getLogger(AbstractLoggerAdapter.java:52)at org.apache.logging.slf4j.Log4jLoggerFactory.getLogger(Log4jLoggerFactory.java:29)at org.slf4j.LoggerFactory.getLogger(LoggerFactory.java:358)at org.apache.logging.slf4j.SLF4JLoggerContext.getLogger(SLF4JLoggerContext.java:39)at org.apache.logging.slf4j.Log4jLoggerFactory.newLogger(Log4jLoggerFactory.java:37)at org.apache.logging.slf4j.Log4jLoggerFactory.newLogger(Log4jLoggerFactory.java:29)at org.apache.logging.log4j.spi.AbstractLoggerAdapter.getLogger(AbstractLoggerAdapter.java:52)at org.apache.logging.slf4j.Log4jLoggerFactory.getLogger(Log4jLoggerFactory.java:29)at org.slf4j.LoggerFactory.getLogger(LoggerFactory.java:358)at org.apache.logging.slf4j.SLF4JLoggerContext.getLogger(SLF4JLoggerContext.java:39)at org.apache.logging.slf4j.Log4jLoggerFactory.newLogger(Log4jLoggerFactory.java:37)at org.apache.logging.slf4j.Log4jLoggerFactory.newLogger(Log4jLoggerFactory.java:29)at org.apache.logging.log4j.spi.AbstractLoggerAdapter.getLogger(AbstractLoggerAdapter.java:52)at org.apache.logging.slf4j.Log4jLoggerFactory.getLogger(Log4jLoggerFactory.java:29)at org.slf4j.LoggerFactory.getLogger(LoggerFactory.java:358)at org.apache.logging.slf4j.SLF4JLoggerContext.getLogger(SLF4JLoggerContext.java:39)at org.apache.logging.slf4j.Log4jLoggerFactory.newLogger(Log4jLoggerFactory.java:37)at org.apache.logging.slf4j.Log4jLoggerFactory.newLogger(Log4jLoggerFactory.java:29)at org.apache.logging.log4j.spi.AbstractLoggerAdapter.getLogger(AbstractLoggerAdapter.java:52)at org.apache.logging.slf4j.Log4jLoggerFactory.getLogger(Log4jLoggerFactory.java:29)at org.slf4j.LoggerFactory.getLogger(LoggerFactory.java:358)at org.apache.logging.slf4j.SLF4JLoggerContext.getLogger(SLF4JLoggerContext.java:39)at org.apache.logging.slf4j.Log4jLoggerFactory.newLogger(Log4jLoggerFactory.java:37)at org.apache.logging.slf4j.Log4jLoggerFactory.newLogger(Log4jLoggerFactory.java:29)at org.apache.logging.log4j.spi.AbstractLoggerAdapter.getLogger(AbstractLoggerAdapter.java:52)at org.apache.logging.slf4j.Log4jLoggerFactory.getLogger(Log4jLoggerFactory.java:29)at org.slf4j.LoggerFactory.getLogger(LoggerFactory.java:358)at org.apache.logging.slf4j.SLF4JLoggerContext.getLogger(SLF4JLoggerContext.java:39)at org.apache.logging.slf4j.Log4jLoggerFactory.newLogger(Log4jLoggerFactory.java:37)at org.apache.logging.slf4j.Log4jLoggerFactory.newLogger(Log4jLoggerFactory.java:29)at org.apache.logging.log4j.spi.AbstractLoggerAdapter.getLogger(AbstractLoggerAdapter.java:52)at org.apache.logging.slf4j.Log4jLoggerFactory.getLogger(Log4jLoggerFactory.java:29)at org.slf4j.LoggerFactory.getLogger(LoggerFactory.java:358)at org.apache.logging.slf4j.SLF4JLoggerContext.getLogger(SLF4JLoggerContext.java:39)at org.apache.logging.slf4j.Log4jLoggerFactory.newLogger(Log4jLoggerFactory.java:37)at org.apache.logging.slf4j.Log4jLoggerFactory.newLogger(Log4jLoggerFactory.java:29)at org.apache.logging.log4j.spi.AbstractLoggerAdapter.getLogger(AbstractLoggerAdapter.java:52)at org.apache.logging.slf4j.Log4jLoggerFactory.getLogger(Log4jLoggerFactory.java:29)at org.slf4j.LoggerFactory.getLogger(LoggerFactory.java:358)at org.apache.logging.slf4j.SLF4JLoggerContext.getLogger(SLF4JLoggerContext.java:39)at org.apache.logging.slf4j.Log4jLoggerFactory.newLogger(Log4jLoggerFactory.java:37)at org.apache.logging.slf4j.Log4jLoggerFactory.newLogger(Log4jLoggerFactory.java:29)at org.apache.logging.log4j.spi.AbstractLoggerAdapter.getLogger(AbstractLoggerAdapter.java:52)at org.apache.logging.slf4j.Log4jLoggerFactory.getLogger(Log4jLoggerFactory.java:29)at org.slf4j.LoggerFactory.getLogger(LoggerFactory.java:358)at org.apache.logging.slf4j.SLF4JLoggerContext.getLogger(SLF4JLoggerContext.java:39)at org.apache.logging.slf4j.Log4jLoggerFactory.newLogger(Log4jLoggerFactory.java:37)at org.apache.logging.slf4j.Log4jLoggerFactory.newLogger(Log4jLoggerFactory.java:29)at org.apache.logging.log4j.spi.AbstractLoggerAdapter.getLogger(AbstractLoggerAdapter.java:52)at org.apache.logging.slf4j.Log4jLoggerFactory.getLogger(Log4jLoggerFactory.java:29)at org.slf4j.LoggerFactory.getLogger(LoggerFactory.java:358)at org.apache.logging.slf4j.SLF4JLoggerContext.getLogger(SLF4JLoggerContext.java:39)at org.apache.logging.slf4j.Log4jLoggerFactory.newLogger(Log4jLoggerFactory.java:37)at org.apache.logging.slf4j.Log4jLoggerFactory.newLogger(Log4jLoggerFactory.java:29)at org.apache.logging.log4j.spi.AbstractLoggerAdapter.getLogger(AbstractLoggerAdapter.java:52)at org.apache.logging.slf4j.Log4jLoggerFactory.getLogger(Log4jLoggerFactory.java:29)at org.slf4j.LoggerFactory.getLogger(LoggerFactory.java:358)at org.apache.logging.slf4j.SLF4JLoggerContext.getLogger(SLF4JLoggerContext.java:39)at org.apache.logging.slf4j.Log4jLoggerFactory.newLogger(Log4jLoggerFactory.java:37)at org.apache.logging.slf4j.Log4jLoggerFactory.newLogger(Log4jLoggerFactory.java:29)at org.apache.logging.log4j.spi.AbstractLoggerAdapter.getLogger(AbstractLoggerAdapter.java:52)at org.apache.logging.slf4j.Log4jLoggerFactory.getLogger(Log4jLoggerFactory.java:29)at org.slf4j.LoggerFactory.getLogger(LoggerFactory.java:358)at org.apache.logging.slf4j.SLF4JLoggerContext.getLogger(SLF4JLoggerContext.java:39)at org.apache.logging.slf4j.Log4jLoggerFactory.newLogger(Log4jLoggerFactory.java:37)at org.apache.logging.slf4j.Log4jLoggerFactory.newLogger(Log4jLoggerFactory.java:29)at org.apache.logging.log4j.spi.AbstractLoggerAdapter.getLogger(AbstractLoggerAdapter.java:52)at org.apache.logging.slf4j.Log4jLoggerFactory.getLogger(Log4jLoggerFactory.java:29)at org.slf4j.LoggerFactory.getLogger(LoggerFactory.java:358)at org.apache.logging.slf4j.SLF4JLoggerContext.getLogger(SLF4JLoggerContext.java:39)at org.apache.logging.slf4j.Log4jLoggerFactory.newLogger(Log4jLoggerFactory.java:37)at org.apache.logging.slf4j.Log4jLoggerFactory.newLogger(Log4jLoggerFactory.java:29)at org.apache.logging.log4j.spi.AbstractLoggerAdapter.getLogger(AbstractLoggerAdapter.java:52)at org.apache.logging.slf4j.Log4jLoggerFactory.getLogger(Log4jLoggerFactory.java:29)at org.slf4j.LoggerFactory.getLogger(LoggerFactory.java:358)at org.apache.logging.slf4j.SLF4JLoggerContext.getLogger(SLF4JLoggerContext.java:39)at org.apache.logging.slf4j.Log4jLoggerFactory.newLogger(Log4jLoggerFactory.java:37)at org.apache.logging.slf4j.Log4jLoggerFactory.newLogger(Log4jLoggerFactory.java:29)at org.apache.logging.log4j.spi.AbstractLoggerAdapter.getLogger(AbstractLoggerAdapter.java:52)at org.apache.logging.slf4j.Log4jLoggerFactory.getLogger(Log4jLoggerFactory.java:29)at org.slf4j.LoggerFactory.getLogger(LoggerFactory.java:358)at org.apache.logging.slf4j.SLF4JLoggerContext.getLogger(SLF4JLoggerContext.java:39)at org.apache.logging.slf4j.Log4jLoggerFactory.newLogger(Log4jLoggerFactory.java:37)at org.apache.logging.slf4j.Log4jLoggerFactory.newLogger(Log4jLoggerFactory.java:29)at org.apache.logging.log4j.spi.AbstractLoggerAdapter.getLogger(AbstractLoggerAdapter.java:52)at org.apache.logging.slf4j.Log4jLoggerFactory.getLogger(Log4jLoggerFactory.java:29)at org.slf4j.LoggerFactory.getLogger(LoggerFactory.java:358)at org.apache.logging.slf4j.SLF4JLoggerContext.getLogger(SLF4JLoggerContext.java:39)at org.apache.logging.slf4j.Log4jLoggerFactory.newLogger(Log4jLoggerFactory.java:37)at org.apache.logging.slf4j.Log4jLoggerFactory.newLogger(Log4jLoggerFactory.java:29)at org.apache.logging.log4j.spi.AbstractLoggerAdapter.getLogger(AbstractLoggerAdapter.java:52)at org.apache.logging.slf4j.Log4jLoggerFactory.getLogger(Log4jLoggerFactory.java:29)at org.slf4j.LoggerFactory.getLogger(LoggerFactory.java:358)at org.apache.logging.slf4j.SLF4JLoggerContext.getLogger(SLF4JLoggerContext.java:39)at org.apache.logging.slf4j.Log4jLoggerFactory.newLogger(Log4jLoggerFactory.java:37)at org.apache.logging.slf4j.Log4jLoggerFactory.newLogger(Log4jLoggerFactory.java:29)at org.apache.logging.log4j.spi.AbstractLoggerAdapter.getLogger(AbstractLoggerAdapter.java:52)at org.apache.logging.slf4j.Log4jLoggerFactory.getLogger(Log4jLoggerFactory.java:29)at org.slf4j.LoggerFactory.getLogger(LoggerFactory.java:358)at org.apache.logging.slf4j.SLF4JLoggerContext.getLogger(SLF4JLoggerContext.java:39)at org.apache.logging.slf4j.Log4jLoggerFactory.newLogger(Log4jLoggerFactory.java:37)at org.apache.logging.slf4j.Log4jLoggerFactory.newLogger(Log4jLoggerFactory.java:29)at org.apache.logging.log4j.spi.AbstractLoggerAdapter.getLogger(AbstractLoggerAdapter.java:52)at org.apache.logging.slf4j.Log4jLoggerFactory.getLogger(Log4jLoggerFactory.java:29)at org.slf4j.LoggerFactory.getLogger(LoggerFactory.java:358)at org.apache.logging.slf4j.SLF4JLoggerContext.getLogger(SLF4JLoggerContext.java:39)at org.apache.logging.slf4j.Log4jLoggerFactory.newLogger(Log4jLoggerFactory.java:37)at org.apache.logging.slf4j.Log4jLoggerFactory.newLogger(Log4jLoggerFactory.java:29)at org.apache.logging.log4j.spi.AbstractLoggerAdapter.getLogger(AbstractLoggerAdapter.java:52)at org.apache.logging.slf4j.Log4jLoggerFactory.getLogger(Log4jLoggerFactory.java:29)at org.slf4j.LoggerFactory.getLogger(LoggerFactory.java:358)at org.apache.logging.slf4j.SLF4JLoggerContext.getLogger(SLF4JLoggerContext.java:39)at org.apache.logging.slf4j.Log4jLoggerFactory.newLogger(Log4jLoggerFactory.java:37)at org.apache.logging.slf4j.Log4jLoggerFactory.newLogger(Log4jLoggerFactory.java:29)at org.apache.logging.log4j.spi.AbstractLoggerAdapter.getLogger(AbstractLoggerAdapter.java:52)at org.apache.logging.slf4j.Log4jLoggerFactory.getLogger(Log4jLoggerFactory.java:29)at org.slf4j.LoggerFactory.getLogger(LoggerFactory.java:358)at org.apache.logging.slf4j.SLF4JLoggerContext.getLogger(SLF4JLoggerContext.java:39)at org.apache.logging.slf4j.Log4jLoggerFactory.newLogger(Log4jLoggerFactory.java:37)at org.apache.logging.slf4j.Log4jLoggerFactory.newLogger(Log4jLoggerFactory.java:29)at org.apache.logging.log4j.spi.AbstractLoggerAdapter.getLogger(AbstractLoggerAdapter.java:52)at org.apache.logging.slf4j.Log4jLoggerFactory.getLogger(Log4jLoggerFactory.java:29)at org.slf4j.LoggerFactory.getLogger(LoggerFactory.java:358)at org.apache.logging.slf4j.SLF4JLoggerContext.getLogger(SLF4JLoggerContext.java:39)at org.apache.logging.slf4j.Log4jLoggerFactory.newLogger(Log4jLoggerFactory.java:37)at org.apache.logging.slf4j.Log4jLoggerFactory.newLogger(Log4jLoggerFactory.java:29)at org.apache.logging.log4j.spi.AbstractLoggerAdapter.getLogger(AbstractLoggerAdapter.java:52)at org.apache.logging.slf4j.Log4jLoggerFactory.getLogger(Log4jLoggerFactory.java:29)at org.slf4j.LoggerFactory.getLogger(LoggerFactory.java:358)at org.apache.logging.slf4j.SLF4JLoggerContext.getLogger(SLF4JLoggerContext.java:39)at org.apache.logging.slf4j.Log4jLoggerFactory.newLogger(Log4jLoggerFactory.java:37)at org.apache.logging.slf4j.Log4jLoggerFactory.newLogger(Log4jLoggerFactory.java:29)at org.apache.logging.log4j.spi.AbstractLoggerAdapter.getLogger(AbstractLoggerAdapter.java:52)at org.apache.logging.slf4j.Log4jLoggerFactory.getLogger(Log4jLoggerFactory.java:29)at org.slf4j.LoggerFactory.getLogger(LoggerFactory.java:358)at org.apache.logging.slf4j.SLF4JLoggerContext.getLogger(SLF4JLoggerContext.java:39)at org.apache.logging.slf4j.Log4jLoggerFactory.newLogger(Log4jLoggerFactory.java:37)at org.apache.logging.slf4j.Log4jLoggerFactory.newLogger(Log4jLoggerFactory.java:29)at org.apache.logging.log4j.spi.AbstractLoggerAdapter.getLogger(AbstractLoggerAdapter.java:52)at org.apache.logging.slf4j.Log4jLoggerFactory.getLogger(Log4jLoggerFactory.java:29)at org.slf4j.LoggerFactory.getLogger(LoggerFactory.java:358)at org.apache.logging.slf4j.SLF4JLoggerContext.getLogger(SLF4JLoggerContext.java:39)at org.apache.logging.slf4j.Log4jLoggerFactory.newLogger(Log4jLoggerFactory.java:37)at org.apache.logging.slf4j.Log4jLoggerFactory.newLogger(Log4jLoggerFactory.java:29)at org.apache.logging.log4j.spi.AbstractLoggerAdapter.getLogger(AbstractLoggerAdapter.java:52)at org.apache.logging.slf4j.Log4jLoggerFactory.getLogger(Log4jLoggerFactory.java:29)at org.slf4j.LoggerFactory.getLogger(LoggerFactory.java:358)at org.apache.logging.slf4j.SLF4JLoggerContext.getLogger(SLF4JLoggerContext.java:39)at org.apache.logging.slf4j.Log4jLoggerFactory.newLogger(Log4jLoggerFactory.java:37)at org.apache.logging.slf4j.Log4jLoggerFactory.newLogger(Log4jLoggerFactory.java:29)at org.apache.logging.log4j.spi.AbstractLoggerAdapter.getLogger(AbstractLoggerAdapter.java:52)at org.apache.logging.slf4j.Log4jLoggerFactory.getLogger(Log4jLoggerFactory.java:29)at org.slf4j.LoggerFactory.getLogger(LoggerFactory.java:358)at org.apache.logging.slf4j.SLF4JLoggerContext.getLogger(SLF4JLoggerContext.java:39)at org.apache.logging.slf4j.Log4jLoggerFactory.newLogger(Log4jLoggerFactory.java:37)at org.apache.logging.slf4j.Log4jLoggerFactory.newLogger(Log4jLoggerFactory.java:29)at org.apache.logging.log4j.spi.AbstractLoggerAdapter.getLogger(AbstractLoggerAdapter.java:52)at org.apache.logging.slf4j.Log4jLoggerFactory.getLogger(Log4jLoggerFactory.java:29)at org.slf4j.LoggerFactory.getLogger(LoggerFactory.java:358)at org.apache.logging.slf4j.SLF4JLoggerContext.getLogger(SLF4JLoggerContext.java:39)at org.apache.logging.slf4j.Log4jLoggerFactory.newLogger(Log4jLoggerFactory.java:37)at org.apache.logging.slf4j.Log4jLoggerFactory.newLogger(Log4jLoggerFactory.java:29)at org.apache.logging.log4j.spi.AbstractLoggerAdapter.getLogger(AbstractLoggerAdapter.java:52)at org.apache.logging.slf4j.Log4jLoggerFactory.getLogger(Log4jLoggerFactory.java:29)at org.slf4j.LoggerFactory.getLogger(LoggerFactory.java:358)at org.apache.logging.slf4j.SLF4JLoggerContext.getLogger(SLF4JLoggerContext.java:39)at org.apache.logging.slf4j.Log4jLoggerFactory.newLogger(Log4jLoggerFactory.java:37)at org.apache.logging.slf4j.Log4jLoggerFactory.newLogger(Log4jLoggerFactory.java:29)at org.apache.logging.log4j.spi.AbstractLoggerAdapter.getLogger(AbstractLoggerAdapter.java:52)at org.apache.logging.slf4j.Log4jLoggerFactory.getLogger(Log4jLoggerFactory.java:29)at org.slf4j.LoggerFactory.getLogger(LoggerFactory.java:358)at org.apache.logging.slf4j.SLF4JLoggerContext.getLogger(SLF4JLoggerContext.java:39)at org.apache.logging.slf4j.Log4jLoggerFactory.newLogger(Log4jLoggerFactory.java:37)at org.apache.logging.slf4j.Log4jLoggerFactory.newLogger(Log4jLoggerFactory.java:29)at org.apache.logging.log4j.spi.AbstractLoggerAdapter.getLogger(AbstractLoggerAdapter.java:52)at org.apache.logging.slf4j.Log4jLoggerFactory.getLogger(Log4jLoggerFactory.java:29)at org.slf4j.LoggerFactory.getLogger(LoggerFactory.java:358)at org.apache.logging.slf4j.SLF4JLoggerContext.getLogger(SLF4JLoggerContext.java:39)at org.apache.logging.slf4j.Log4jLoggerFactory.newLogger(Log4jLoggerFactory.java:37)at org.apache.logging.slf4j.Log4jLoggerFactory.newLogger(Log4jLoggerFactory.java:29)at org.apache.logging.log4j.spi.AbstractLoggerAdapter.getLogger(AbstractLoggerAdapter.java:52)at org.apache.logging.slf4j.Log4jLoggerFactory.getLogger(Log4jLoggerFactory.java:29)at org.slf4j.LoggerFactory.getLogger(LoggerFactory.java:358)at org.apache.logging.slf4j.SLF4JLoggerContext.getLogger(SLF4JLoggerContext.java:39)at org.apache.logging.slf4j.Log4jLoggerFactory.newLogger(Log4jLoggerFactory.java:37)at org.apache.logging.slf4j.Log4jLoggerFactory.newLogger(Log4jLoggerFactory.java:29)at org.apache.logging.log4j.spi.AbstractLoggerAdapter.getLogger(AbstractLoggerAdapter.java:52)at org.apache.logging.slf4j.Log4jLoggerFactory.getLogger(Log4jLoggerFactory.java:29)at org.slf4j.LoggerFactory.getLogger(LoggerFactory.java:358)at org.apache.logging.slf4j.SLF4JLoggerContext.getLogger(SLF4JLoggerContext.java:39)at org.apache.logging.slf4j.Log4jLoggerFactory.newLogger(Log4jLoggerFactory.java:37)at org.apache.logging.slf4j.Log4jLoggerFactory.newLogger(Log4jLoggerFactory.java:29)at org.apache.logging.log4j.spi.AbstractLoggerAdapter.getLogger(AbstractLoggerAdapter.java:52)at org.apache.logging.slf4j.Log4jLoggerFactory.getLogger(Log4jLoggerFactory.java:29)at org.slf4j.LoggerFactory.getLogger(LoggerFactory.java:358)at org.apache.logging.slf4j.SLF4JLoggerContext.getLogger(SLF4JLoggerContext.java:39)at org.apache.logging.slf4j.Log4jLoggerFactory.newLogger(Log4jLoggerFactory.java:37)at org.apache.logging.slf4j.Log4jLoggerFactory.newLogger(Log4jLoggerFactory.java:29)at org.apache.logging.log4j.spi.AbstractLoggerAdapter.getLogger(AbstractLoggerAdapter.java:52)at org.apache.logging.slf4j.Log4jLoggerFactory.getLogger(Log4jLoggerFactory.java:29)at org.slf4j.LoggerFactory.getLogger(LoggerFactory.java:358)at org.apache.logging.slf4j.SLF4JLoggerContext.getLogger(SLF4JLoggerContext.java:39)at org.apache.logging.slf4j.Log4jLoggerFactory.newLogger(Log4jLoggerFactory.java:37)at org.apache.logging.slf4j.Log4jLoggerFactory.newLogger(Log4jLoggerFactory.java:29)at org.apache.logging.log4j.spi.AbstractLoggerAdapter.getLogger(AbstractLoggerAdapter.java:52)at org.apache.logging.slf4j.Log4jLoggerFactory.getLogger(Log4jLoggerFactory.java:29)at org.slf4j.LoggerFactory.getLogger(LoggerFactory.java:358)at org.apache.logging.slf4j.SLF4JLoggerContext.getLogger(SLF4JLoggerContext.java:39)at org.apache.logging.slf4j.Log4jLoggerFactory.newLogger(Log4jLoggerFactory.java:37)at org.apache.logging.slf4j.Log4jLoggerFactory.newLogger(Log4jLoggerFactory.java:29)at org.apache.logging.log4j.spi.AbstractLoggerAdapter.getLogger(AbstractLoggerAdapter.java:52)at org.apache.logging.slf4j.Log4jLoggerFactory.getLogger(Log4jLoggerFactory.java:29)at org.slf4j.LoggerFactory.getLogger(LoggerFactory.java:358)at org.apache.logging.slf4j.SLF4JLoggerContext.getLogger(SLF4JLoggerContext.java:39)at org.apache.logging.slf4j.Log4jLoggerFactory.newLogger(Log4jLoggerFactory.java:37)at org.apache.logging.slf4j.Log4jLoggerFactory.newLogger(Log4jLoggerFactory.java:29)at org.apache.logging.log4j.spi.AbstractLoggerAdapter.getLogger(AbstractLoggerAdapter.java:52)at org.apache.logging.slf4j.Log4jLoggerFactory.getLogger(Log4jLoggerFactory.java:29)at org.slf4j.LoggerFactory.getLogger(LoggerFactory.java:358)at org.apache.logging.slf4j.SLF4JLoggerContext.getLogger(SLF4JLoggerContext.java:39)at org.apache.logging.slf4j.Log4jLoggerFactory.newLogger(Log4jLoggerFactory.java:37)at org.apache.logging.slf4j.Log4jLoggerFactory.newLogger(Log4jLoggerFactory.java:29)at org.apache.logging.log4j.spi.AbstractLoggerAdapter.getLogger(AbstractLoggerAdapter.java:52)at org.apache.logging.slf4j.Log4jLoggerFactory.getLogger(Log4jLoggerFactory.java:29)at org.slf4j.LoggerFactory.getLogger(LoggerFactory.java:358)at org.apache.logging.slf4j.SLF4JLoggerContext.getLogger(SLF4JLoggerContext.java:39)at org.apache.logging.slf4j.Log4jLoggerFactory.newLogger(Log4jLoggerFactory.java:37)at org.apache.logging.slf4j.Log4jLoggerFactory.newLogger(Log4jLoggerFactory.java:29)at org.apache.logging.log4j.spi.AbstractLoggerAdapter.getLogger(AbstractLoggerAdapter.java:52)at org.apache.logging.slf4j.Log4jLoggerFactory.getLogger(Log4jLoggerFactory.java:29)at org.slf4j.LoggerFactory.getLogger(LoggerFactory.java:358)at org.apache.logging.slf4j.SLF4JLoggerContext.getLogger(SLF4JLoggerContext.java:39)at org.apache.logging.slf4j.Log4jLoggerFactory.newLogger(Log4jLoggerFactory.java:37)at org.apache.logging.slf4j.Log4jLoggerFactory.newLogger(Log4jLoggerFactory.java:29)at org.apache.logging.log4j.spi.AbstractLoggerAdapter.getLogger(AbstractLoggerAdapter.java:52)at org.apache.logging.slf4j.Log4jLoggerFactory.getLogger(Log4jLoggerFactory.java:29)at org.slf4j.LoggerFactory.getLogger(LoggerFactory.java:358)at org.apache.logging.slf4j.SLF4JLoggerContext.getLogger(SLF4JLoggerContext.java:39)at org.apache.logging.slf4j.Log4jLoggerFactory.newLogger(Log4jLoggerFactory.java:37)at org.apache.logging.slf4j.Log4jLoggerFactory.newLogger(Log4jLoggerFactory.java:29)at org.apache.logging.log4j.spi.AbstractLoggerAdapter.getLogger(AbstractLoggerAdapter.java:52)at org.apache.logging.slf4j.Log4jLoggerFactory.getLogger(Log4jLoggerFactory.java:29)at org.slf4j.LoggerFactory.getLogger(LoggerFactory.java:358)at org.apache.logging.slf4j.SLF4JLoggerContext.getLogger(SLF4JLoggerContext.java:39)at org.apache.logging.slf4j.Log4jLoggerFactory.newLogger(Log4jLoggerFactory.java:37)at org.apache.logging.slf4j.Log4jLoggerFactory.newLogger(Log4jLoggerFactory.java:29)at org.apache.logging.log4j.spi.AbstractLoggerAdapter.getLogger(AbstractLoggerAdapter.java:52)at org.apache.logging.slf4j.Log4jLoggerFactory.getLogger(Log4jLoggerFactory.java:29)at org.slf4j.LoggerFactory.getLogger(LoggerFactory.java:358)at org.apache.logging.slf4j.SLF4JLoggerContext.getLogger(SLF4JLoggerContext.java:39)at org.apache.logging.slf4j.Log4jLoggerFactory.newLogger(Log4jLoggerFactory.java:37)at org.apache.logging.slf4j.Log4jLoggerFactory.newLogger(Log4jLoggerFactory.java:29)at org.apache.logging.log4j.spi.AbstractLoggerAdapter.getLogger(AbstractLoggerAdapter.java:52)at org.apache.logging.slf4j.Log4jLoggerFactory.getLogger(Log4jLoggerFactory.java:29)at org.slf4j.LoggerFactory.getLogger(LoggerFactory.java:358)at org.apache.logging.slf4j.SLF4JLoggerContext.getLogger(SLF4JLoggerContext.java:39)at org.apache.logging.slf4j.Log4jLoggerFactory.newLogger(Log4jLoggerFactory.java:37)at org.apache.logging.slf4j.Log4jLoggerFactory.newLogger(Log4jLoggerFactory.java:29)at org.apache.logging.log4j.spi.AbstractLoggerAdapter.getLogger(AbstractLoggerAdapter.java:52)at org.apache.logging.slf4j.Log4jLoggerFactory.getLogger(Log4jLoggerFactory.java:29)at org.slf4j.LoggerFactory.getLogger(LoggerFactory.java:358)at org.apache.logging.slf4j.SLF4JLoggerContext.getLogger(SLF4JLoggerContext.java:39)at org.apache.logging.slf4j.Log4jLoggerFactory.newLogger(Log4jLoggerFactory.java:37)at org.apache.logging.slf4j.Log4jLoggerFactory.newLogger(Log4jLoggerFactory.java:29)at org.apache.logging.log4j.spi.AbstractLoggerAdapter.getLogger(AbstractLoggerAdapter.java:52)at org.apache.logging.slf4j.Log4jLoggerFactory.getLogger(Log4jLoggerFactory.java:29)at org.slf4j.LoggerFactory.getLogger(LoggerFactory.java:358)at org.apache.logging.slf4j.SLF4JLoggerContext.getLogger(SLF4JLoggerContext.java:39)at org.apache.logging.slf4j.Log4jLoggerFactory.newLogger(Log4jLoggerFactory.java:37)at org.apache.logging.slf4j.Log4jLoggerFactory.newLogger(Log4jLoggerFactory.java:29)at org.apache.logging.log4j.spi.AbstractLoggerAdapter.getLogger(AbstractLoggerAdapter.java:52)at org.apache.logging.slf4j.Log4jLoggerFactory.getLogger(Log4jLoggerFactory.java:29)at org.slf4j.LoggerFactory.getLogger(LoggerFactory.java:358)at org.apache.logging.slf4j.SLF4JLoggerContext.getLogger(SLF4JLoggerContext.java:39)at org.apache.logging.slf4j.Log4jLoggerFactory.newLogger(Log4jLoggerFactory.java:37)at org.apache.logging.slf4j.Log4jLoggerFactory.newLogger(Log4jLoggerFactory.java:29)at org.apache.logging.log4j.spi.AbstractLoggerAdapter.getLogger(AbstractLoggerAdapter.java:52)at org.apache.logging.slf4j.Log4jLoggerFactory.getLogger(Log4jLoggerFactory.java:29)at org.slf4j.LoggerFactory.getLogger(LoggerFactory.java:358)at org.apache.logging.slf4j.SLF4JLoggerContext.getLogger(SLF4JLoggerContext.java:39)at org.apache.logging.slf4j.Log4jLoggerFactory.newLogger(Log4jLoggerFactory.java:37)at org.apache.logging.slf4j.Log4jLoggerFactory.newLogger(Log4jLoggerFactory.java:29)at org.apache.logging.log4j.spi.AbstractLoggerAdapter.getLogger(AbstractLoggerAdapter.java:52)at org.apache.logging.slf4j.Log4jLoggerFactory.getLogger(Log4jLoggerFactory.java:29)at org.slf4j.LoggerFactory.getLogger(LoggerFactory.java:358)at org.apache.logging.slf4j.SLF4JLoggerContext.getLogger(SLF4JLoggerContext.java:39)at org.apache.logging.slf4j.Log4jLoggerFactory.newLogger(Log4jLoggerFactory.java:37)at org.apache.logging.slf4j.Log4jLoggerFactory.newLogger(Log4jLoggerFactory.java:29)at org.apache.logging.log4j.spi.AbstractLoggerAdapter.getLogger(AbstractLoggerAdapter.java:52)at org.apache.logging.slf4j.Log4jLoggerFactory.getLogger(Log4jLoggerFactory.java:29)at org.slf4j.LoggerFactory.getLogger(LoggerFactory.java:358)at org.apache.logging.slf4j.SLF4JLoggerContext.getLogger(SLF4JLoggerContext.java:39)at org.apache.logging.slf4j.Log4jLoggerFactory.newLogger(Log4jLoggerFactory.java:37)at org.apache.logging.slf4j.Log4jLoggerFactory.newLogger(Log4jLoggerFactory.java:29)at org.apache.logging.log4j.spi.AbstractLoggerAdapter.getLogger(AbstractLoggerAdapter.java:52)at org.apache.logging.slf4j.Log4jLoggerFactory.getLogger(Log4jLoggerFactory.java:29)at org.slf4j.LoggerFactory.getLogger(LoggerFactory.java:358)at org.apache.logging.slf4j.SLF4JLoggerContext.getLogger(SLF4JLoggerContext.java:39)at org.apache.logging.slf4j.Log4jLoggerFactory.newLogger(Log4jLoggerFactory.java:37)at org.apache.logging.slf4j.Log4jLoggerFactory.newLogger(Log4jLoggerFactory.java:29)at org.apache.logging.log4j.spi.AbstractLoggerAdapter.getLogger(AbstractLoggerAdapter.java:52)at org.apache.logging.slf4j.Log4jLoggerFactory.getLogger(Log4jLoggerFactory.java:29)at org.slf4j.LoggerFactory.getLogger(LoggerFactory.java:358)at org.apache.logging.slf4j.SLF4JLoggerContext.getLogger(SLF4JLoggerContext.java:39)at org.apache.logging.slf4j.Log4jLoggerFactory.newLogger(Log4jLoggerFactory.java:37)at org.apache.logging.slf4j.Log4jLoggerFactory.newLogger(Log4jLoggerFactory.java:29)at org.apache.logging.log4j.spi.AbstractLoggerAdapter.getLogger(AbstractLoggerAdapter.java:52)at org.apache.logging.slf4j.Log4jLoggerFactory.getLogger(Log4jLoggerFactory.java:29)at org.slf4j.LoggerFactory.getLogger(LoggerFactory.java:358)at org.apache.logging.slf4j.SLF4JLoggerContext.getLogger(SLF4JLoggerContext.java:39)at org.apache.logging.slf4j.Log4jLoggerFactory.newLogger(Log4jLoggerFactory.java:37)at org.apache.logging.slf4j.Log4jLoggerFactory.newLogger(Log4jLoggerFactory.java:29)at org.apache.logging.log4j.spi.AbstractLoggerAdapter.getLogger(AbstractLoggerAdapter.java:52)at org.apache.logging.slf4j.Log4jLoggerFactory.getLogger(Log4jLoggerFactory.java:29)at org.slf4j.LoggerFactory.getLogger(LoggerFactory.java:358)at org.apache.logging.slf4j.SLF4JLoggerContext.getLogger(SLF4JLoggerContext.java:39)at org.apache.logging.slf4j.Log4jLoggerFactory.newLogger(Log4jLoggerFactory.java:37)at org.apache.logging.slf4j.Log4jLoggerFactory.newLogger(Log4jLoggerFactory.java:29)at org.apache.logging.log4j.spi.AbstractLoggerAdapter.getLogger(AbstractLoggerAdapter.java:52)at org.apache.logging.slf4j.Log4jLoggerFactory.getLogger(Log4jLoggerFactory.java:29)at org.slf4j.LoggerFactory.getLogger(LoggerFactory.java:358)at org.apache.logging.slf4j.SLF4JLoggerContext.getLogger(SLF4JLoggerContext.java:39)at org.apache.logging.slf4j.Log4jLoggerFactory.newLogger(Log4jLoggerFactory.java:37)at org.apache.logging.slf4j.Log4jLoggerFactory.newLogger(Log4jLoggerFactory.java:29)at org.apache.logging.log4j.spi.AbstractLoggerAdapter.getLogger(AbstractLoggerAdapter.java:52)at org.apache.logging.slf4j.Log4jLoggerFactory.getLogger(Log4jLoggerFactory.java:29)at org.slf4j.LoggerFactory.getLogger(LoggerFactory.java:358)at org.apache.logging.slf4j.SLF4JLoggerContext.getLogger(SLF4JLoggerContext.java:39)at org.apache.logging.slf4j.Log4jLoggerFactory.newLogger(Log4jLoggerFactory.java:37)at org.apache.logging.slf4j.Log4jLoggerFactory.newLogger(Log4jLoggerFactory.java:29)at org.apache.logging.log4j.spi.AbstractLoggerAdapter.getLogger(AbstractLoggerAdapter.java:52)at org.apache.logging.slf4j.Log4jLoggerFactory.getLogger(Log4jLoggerFactory.java:29)at org.slf4j.LoggerFactory.getLogger(LoggerFactory.java:358)at org.apache.logging.slf4j.SLF4JLoggerContext.getLogger(SLF4JLoggerContext.java:39)at org.apache.logging.slf4j.Log4jLoggerFactory.newLogger(Log4jLoggerFactory.java:37)at org.apache.logging.slf4j.Log4jLoggerFactory.newLogger(Log4jLoggerFactory.java:29)at org.apache.logging.log4j.spi.AbstractLoggerAdapter.getLogger(AbstractLoggerAdapter.java:52)at org.apache.logging.slf4j.Log4jLoggerFactory.getLogger(Log4jLoggerFactory.java:29)at org.slf4j.LoggerFactory.getLogger(LoggerFactory.java:358)at org.apache.logging.slf4j.SLF4JLoggerContext.getLogger(SLF4JLoggerContext.java:39)at org.apache.logging.slf4j.Log4jLoggerFactory.newLogger(Log4jLoggerFactory.java:37)at org.apache.logging.slf4j.Log4jLoggerFactory.newLogger(Log4jLoggerFactory.java:29)at org.apache.logging.log4j.spi.AbstractLoggerAdapter.getLogger(AbstractLoggerAdapter.java:52)at org.apache.logging.slf4j.Log4jLoggerFactory.getLogger(Log4jLoggerFactory.java:29)at org.slf4j.LoggerFactory.getLogger(LoggerFactory.java:358)at org.apache.logging.slf4j.SLF4JLoggerContext.getLogger(SLF4JLoggerContext.java:39)at org.apache.logging.slf4j.Log4jLoggerFactory.newLogger(Log4jLoggerFactory.java:37)at org.apache.logging.slf4j.Log4jLoggerFactory.newLogger(Log4jLoggerFactory.java:29)at org.apache.logging.log4j.spi.AbstractLoggerAdapter.getLogger(AbstractLoggerAdapter.java:52)at org.apache.logging.slf4j.Log4jLoggerFactory.getLogger(Log4jLoggerFactory.java:29)at org.slf4j.LoggerFactory.getLogger(LoggerFactory.java:358)at org.apache.logging.slf4j.SLF4JLoggerContext.getLogger(SLF4JLoggerContext.java:39)at org.apache.logging.slf4j.Log4jLoggerFactory.newLogger(Log4jLoggerFactory.java:37)at org.apache.logging.slf4j.Log4jLoggerFactory.newLogger(Log4jLoggerFactory.java:29)at org.apache.logging.log4j.spi.AbstractLoggerAdapter.getLogger(AbstractLoggerAdapter.java:52)at org.apache.logging.slf4j.Log4jLoggerFactory.getLogger(Log4jLoggerFactory.java:29)at org.slf4j.LoggerFactory.getLogger(LoggerFactory.java:358)at org.apache.logging.slf4j.SLF4JLoggerContext.getLogger(SLF4JLoggerContext.java:39)at org.apache.logging.slf4j.Log4jLoggerFactory.newLogger(Log4jLoggerFactory.java:37)at org.apache.logging.slf4j.Log4jLoggerFactory.newLogger(Log4jLoggerFactory.java:29)at org.apache.logging.log4j.spi.AbstractLoggerAdapter.getLogger(AbstractLoggerAdapter.java:52)at org.apache.logging.slf4j.Log4jLoggerFactory.getLogger(Log4jLoggerFactory.java:29)at org.slf4j.LoggerFactory.getLogger(LoggerFactory.java:358)at org.apache.logging.slf4j.SLF4JLoggerContext.getLogger(SLF4JLoggerContext.java:39)at org.apache.logging.slf4j.Log4jLoggerFactory.newLogger(Log4jLoggerFactory.java:37)at org.apache.logging.slf4j.Log4jLoggerFactory.newLogger(Log4jLoggerFactory.java:29)at org.apache.logging.log4j.spi.AbstractLoggerAdapter.getLogger(AbstractLoggerAdapter.java:52)at org.apache.logging.slf4j.Log4jLoggerFactory.getLogger(Log4jLoggerFactory.java:29)at org.slf4j.LoggerFactory.getLogger(LoggerFactory.java:358)at org.apache.logging.slf4j.SLF4JLoggerContext.getLogger(SLF4JLoggerContext.java:39)at org.apache.logging.slf4j.Log4jLoggerFactory.newLogger(Log4jLoggerFactory.java:37)at org.apache.logging.slf4j.Log4jLoggerFactory.newLogger(Log4jLoggerFactory.java:29)at org.apache.logging.log4j.spi.AbstractLoggerAdapter.getLogger(AbstractLoggerAdapter.java:52)at org.apache.logging.slf4j.Log4jLoggerFactory.getLogger(Log4jLoggerFactory.java:29)at org.slf4j.LoggerFactory.getLogger(LoggerFactory.java:358)at org.apache.logging.slf4j.SLF4JLoggerContext.getLogger(SLF4JLoggerContext.java:39)at org.apache.logging.slf4j.Log4jLoggerFactory.newLogger(Log4jLoggerFactory.java:37)at org.apache.logging.slf4j.Log4jLoggerFactory.newLogger(Log4jLoggerFactory.java:29)at org.apache.logging.log4j.spi.AbstractLoggerAdapter.getLogger(AbstractLoggerAdapter.java:52)at org.apache.logging.slf4j.Log4jLoggerFactory.getLogger(Log4jLoggerFactory.java:29)at org.slf4j.LoggerFactory.getLogger(LoggerFactory.java:358)at org.apache.logging.slf4j.SLF4JLoggerContext.getLogger(SLF4JLoggerContext.java:39)at org.apache.logging.slf4j.Log4jLoggerFactory.newLogger(Log4jLoggerFactory.java:37)at org.apache.logging.slf4j.Log4jLoggerFactory.newLogger(Log4jLoggerFactory.java:29)at org.apache.logging.log4j.spi.AbstractLoggerAdapter.getLogger(AbstractLoggerAdapter.java:52)at org.apache.logging.slf4j.Log4jLoggerFactory.getLogger(Log4jLoggerFactory.java:29)at org.slf4j.LoggerFactory.getLogger(LoggerFactory.java:358)at org.apache.logging.slf4j.SLF4JLoggerContext.getLogger(SLF4JLoggerContext.java:39)at org.apache.logging.slf4j.Log4jLoggerFactory.newLogger(Log4jLoggerFactory.java:37)at org.apache.logging.slf4j.Log4jLoggerFactory.newLogger(Log4jLoggerFactory.java:29)at org.apache.logging.log4j.spi.AbstractLoggerAdapter.getLogger(AbstractLoggerAdapter.java:52)at org.apache.logging.slf4j.Log4jLoggerFactory.getLogger(Log4jLoggerFactory.java:29)at org.slf4j.LoggerFactory.getLogger(LoggerFactory.java:358)at org.apache.logging.slf4j.SLF4JLoggerContext.getLogger(SLF4JLoggerContext.java:39)at org.apache.logging.slf4j.Log4jLoggerFactory.newLogger(Log4jLoggerFactory.java:37)at org.apache.logging.slf4j.Log4jLoggerFactory.newLogger(Log4jLoggerFactory.java:29)at org.apache.logging.log4j.spi.AbstractLoggerAdapter.getLogger(AbstractLoggerAdapter.java:52)at org.apache.logging.slf4j.Log4jLoggerFactory.getLogger(Log4jLoggerFactory.java:29)at org.slf4j.LoggerFactory.getLogger(LoggerFactory.java:358)at org.apache.logging.slf4j.SLF4JLoggerContext.getLogger(SLF4JLoggerContext.java:39)at org.apache.logging.slf4j.Log4jLoggerFactory.newLogger(Log4jLoggerFactory.java:37)at org.apache.logging.slf4j.Log4jLoggerFactory.newLogger(Log4jLoggerFactory.java:29)at org.apache.logging.log4j.spi.AbstractLoggerAdapter.getLogger(AbstractLoggerAdapter.java:52)at org.apache.logging.slf4j.Log4jLoggerFactory.getLogger(Log4jLoggerFactory.java:29)at org.slf4j.LoggerFactory.getLogger(LoggerFactory.java:358)at org.apache.logging.slf4j.SLF4JLoggerContext.getLogger(SLF4JLoggerContext.java:39)at org.apache.logging.slf4j.Log4jLoggerFactory.newLogger(Log4jLoggerFactory.java:37)at org.apache.logging.slf4j.Log4jLoggerFactory.newLogger(Log4jLoggerFactory.java:29)at org.apache.logging.log4j.spi.AbstractLoggerAdapter.getLogger(AbstractLoggerAdapter.java:52)at org.apache.logging.slf4j.Log4jLoggerFactory.getLogger(Log4jLoggerFactory.java:29)at org.slf4j.LoggerFactory.getLogger(LoggerFactory.java:358)at org.apache.logging.slf4j.SLF4JLoggerContext.getLogger(SLF4JLoggerContext.java:39)at org.apache.logging.slf4j.Log4jLoggerFactory.newLogger(Log4jLoggerFactory.java:37)at org.apache.logging.slf4j.Log4jLoggerFactory.newLogger(Log4jLoggerFactory.java:29)at org.apache.logging.log4j.spi.AbstractLoggerAdapter.getLogger(AbstractLoggerAdapter.java:52)at org.apache.logging.slf4j.Log4jLoggerFactory.getLogger(Log4jLoggerFactory.java:29)at org.slf4j.LoggerFactory.getLogger(LoggerFactory.java:358)at org.apache.logging.slf4j.SLF4JLoggerContext.getLogger(SLF4JLoggerContext.java:39)at org.apache.logging.slf4j.Log4jLoggerFactory.newLogger(Log4jLoggerFactory.java:37)at org.apache.logging.slf4j.Log4jLoggerFactory.newLogger(Log4jLoggerFactory.java:29)at org.apache.logging.log4j.spi.AbstractLoggerAdapter.getLogger(AbstractLoggerAdapter.java:52)at org.apache.logging.slf4j.Log4jLoggerFactory.getLogger(Log4jLoggerFactory.java:29)at org.slf4j.LoggerFactory.getLogger(LoggerFactory.java:358)at org.apache.logging.slf4j.SLF4JLoggerContext.getLogger(SLF4JLoggerContext.java:39)at org.apache.logging.slf4j.Log4jLoggerFactory.newLogger(Log4jLoggerFactory.java:37)at org.apache.logging.slf4j.Log4jLoggerFactory.newLogger(Log4jLoggerFactory.java:29)at org.apache.logging.log4j.spi.AbstractLoggerAdapter.getLogger(AbstractLoggerAdapter.java:52)at org.apache.logging.slf4j.Log4jLoggerFactory.getLogger(Log4jLoggerFactory.java:29)at org.slf4j.LoggerFactory.getLogger(LoggerFactory.java:358)at org.apache.logging.slf4j.SLF4JLoggerContext.getLogger(SLF4JLoggerContext.java:39)at org.apache.logging.slf4j.Log4jLoggerFactory.newLogger(Log4jLoggerFactory.java:37)at org.apache.logging.slf4j.Log4jLoggerFactory.newLogger(Log4jLoggerFactory.java:29)at org.apache.logging.log4j.spi.AbstractLoggerAdapter.getLogger(AbstractLoggerAdapter.java:52)at org.apache.logging.slf4j.Log4jLoggerFactory.getLogger(Log4jLoggerFactory.java:29)at org.slf4j.LoggerFactory.getLogger(LoggerFactory.java:358)at org.apache.logging.slf4j.SLF4JLoggerContext.getLogger(SLF4JLoggerContext.java:39)at org.apache.logging.slf4j.Log4jLoggerFactory.newLogger(Log4jLoggerFactory.java:37)at org.apache.logging.slf4j.Log4jLoggerFactory.newLogger(Log4jLoggerFactory.java:29)at org.apache.logging.log4j.spi.AbstractLoggerAdapter.getLogger(AbstractLoggerAdapter.java:52)at org.apache.logging.slf4j.Log4jLoggerFactory.getLogger(Log4jLoggerFactory.java:29)at org.slf4j.LoggerFactory.getLogger(LoggerFactory.java:358)at org.apache.logging.slf4j.SLF4JLoggerContext.getLogger(SLF4JLoggerContext.java:39)at org.apache.logging.slf4j.Log4jLoggerFactory.newLogger(Log4jLoggerFactory.java:37)at org.apache.logging.slf4j.Log4jLoggerFactory.newLogger(Log4jLoggerFactory.java:29)at org.apache.logging.log4j.spi.AbstractLoggerAdapter.getLogger(AbstractLoggerAdapter.java:52)at org.apache.logging.slf4j.Log4jLoggerFactory.getLogger(Log4jLoggerFactory.java:29)at org.slf4j.LoggerFactory.getLogger(LoggerFactory.java:358)at org.apache.logging.slf4j.SLF4JLoggerContext.getLogger(SLF4JLoggerContext.java:39)at org.apache.logging.slf4j.Log4jLoggerFactory.newLogger(Log4jLoggerFactory.java:37)at org.apache.logging.slf4j.Log4jLoggerFactory.newLogger(Log4jLoggerFactory.java:29)at org.apache.logging.log4j.spi.AbstractLoggerAdapter.getLogger(AbstractLoggerAdapter.java:52)at org.apache.logging.slf4j.Log4jLoggerFactory.getLogger(Log4jLoggerFactory.java:29)at org.slf4j.LoggerFactory.getLogger(LoggerFactory.java:358)at org.apache.logging.slf4j.SLF4JLoggerContext.getLogger(SLF4JLoggerContext.java:39)at org.apache.logging.slf4j.Log4jLoggerFactory.newLogger(Log4jLoggerFactory.java:37)at org.apache.logging.slf4j.Log4jLoggerFactory.newLogger(Log4jLoggerFactory.java:29)at org.apache.logging.log4j.spi.AbstractLoggerAdapter.getLogger(AbstractLoggerAdapter.java:52)at org.apache.logging.slf4j.Log4jLoggerFactory.getLogger(Log4jLoggerFactory.java:29)at org.slf4j.LoggerFactory.getLogger(LoggerFactory.java:358)at org.apache.logging.slf4j.SLF4JLoggerContext.getLogger(SLF4JLoggerContext.java:39)at org.apache.logging.slf4j.Log4jLoggerFactory.newLogger(Log4jLoggerFactory.java:37)at org.apache.logging.slf4j.Log4jLoggerFactory.newLogger(Log4jLoggerFactory.java:29)at org.apache.logging.log4j.spi.AbstractLoggerAdapter.getLogger(AbstractLoggerAdapter.java:52)at org.apache.logging.slf4j.Log4jLoggerFactory.getLogger(Log4jLoggerFactory.java:29)at org.slf4j.LoggerFactory.getLogger(LoggerFactory.java:358)at org.apache.logging.slf4j.SLF4JLoggerContext.getLogger(SLF4JLoggerContext.java:39)at org.apache.logging.slf4j.Log4jLoggerFactory.newLogger(Log4jLoggerFactory.java:37)at org.apache.logging.slf4j.Log4jLoggerFactory.newLogger(Log4jLoggerFactory.java:29)at org.apache.logging.log4j.spi.AbstractLoggerAdapter.getLogger(AbstractLoggerAdapter.java:52)at org.apache.logging.slf4j.Log4jLoggerFactory.getLogger(Log4jLoggerFactory.java:29)at org.slf4j.LoggerFactory.getLogger(LoggerFactory.java:358)at org.apache.logging.slf4j.SLF4JLoggerContext.getLogger(SLF4JLoggerContext.java:39)at org.apache.logging.slf4j.Log4jLoggerFactory.newLogger(Log4jLoggerFactory.java:37)at org.apache.logging.slf4j.Log4jLoggerFactory.newLogger(Log4jLoggerFactory.java:29)at org.apache.logging.log4j.spi.AbstractLoggerAdapter.getLogger(AbstractLoggerAdapter.java:52)at org.apache.logging.slf4j.Log4jLoggerFactory.getLogger(Log4jLoggerFactory.java:29)at org.slf4j.LoggerFactory.getLogger(LoggerFactory.java:358)at org.apache.logging.slf4j.SLF4JLoggerContext.getLogger(SLF4JLoggerContext.java:39)at org.apache.logging.slf4j.Log4jLoggerFactory.newLogger(Log4jLoggerFactory.java:37)at org.apache.logging.slf4j.Log4jLoggerFactory.newLogger(Log4jLoggerFactory.java:29)at org.apache.logging.log4j.spi.AbstractLoggerAdapter.getLogger(AbstractLoggerAdapter.java:52)at org.apache.logging.slf4j.Log4jLoggerFactory.getLogger(Log4jLoggerFactory.java:29)at org.slf4j.LoggerFactory.getLogger(LoggerFactory.java:358)at org.apache.logging.slf4j.SLF4JLoggerContext.getLogger(SLF4JLoggerContext.java:39)at org.apache.logging.slf4j.Log4jLoggerFactory.newLogger(Log4jLoggerFactory.java:37)at org.apache.logging.slf4j.Log4jLoggerFactory.newLogger(Log4jLoggerFactory.java:29)at org.apache.logging.log4j.spi.AbstractLoggerAdapter.getLogger(AbstractLoggerAdapter.java:52)at org.apache.logging.slf4j.Log4jLoggerFactory.getLogger(Log4jLoggerFactory.java:29)at org.slf4j.LoggerFactory.getLogger(LoggerFactory.java:358)at org.apache.logging.slf4j.SLF4JLoggerContext.getLogger(SLF4JLoggerContext.java:39)at org.apache.logging.slf4j.Log4jLoggerFactory.newLogger(Log4jLoggerFactory.java:37)at org.apache.logging.slf4j.Log4jLoggerFactory.newLogger(Log4jLoggerFactory.java:29)at org.apache.logging.log4j.spi.AbstractLoggerAdapter.getLogger(AbstractLoggerAdapter.java:52)at org.apache.logging.slf4j.Log4jLoggerFactory.getLogger(Log4jLoggerFactory.java:29)at org.slf4j.LoggerFactory.getLogger(LoggerFactory.java:358)at org.apache.logging.slf4j.SLF4JLoggerContext.getLogger(SLF4JLoggerContext.java:39)at org.apache.logging.slf4j.Log4jLoggerFactory.newLogger(Log4jLoggerFactory.java:37)at org.apache.logging.slf4j.Log4jLoggerFactory.newLogger(Log4jLoggerFactory.java:29)at org.apache.logging.log4j.spi.AbstractLoggerAdapter.getLogger(AbstractLoggerAdapter.java:52)at org.apache.logging.slf4j.Log4jLoggerFactory.getLogger(Log4jLoggerFactory.java:29)at org.slf4j.LoggerFactory.getLogger(LoggerFactory.java:358)at org.apache.logging.slf4j.SLF4JLoggerContext.getLogger(SLF4JLoggerContext.java:39)at org.apache.logging.slf4j.Log4jLoggerFactory.newLogger(Log4jLoggerFactory.java:37)at org.apache.logging.slf4j.Log4jLoggerFactory.newLogger(Log4jLoggerFactory.java:29)at org.apache.logging.log4j.spi.AbstractLoggerAdapter.getLogger(AbstractLoggerAdapter.java:52)at org.apache.logging.slf4j.Log4jLoggerFactory.getLogger(Log4jLoggerFactory.java:29)at org.slf4j.LoggerFactory.getLogger(LoggerFactory.java:358)at org.apache.logging.slf4j.SLF4JLoggerContext.getLogger(SLF4JLoggerContext.java:39)at org.apache.logging.slf4j.Log4jLoggerFactory.newLogger(Log4jLoggerFactory.java:37)at org.apache.logging.slf4j.Log4jLoggerFactory.newLogger(Log4jLoggerFactory.java:29)at org.apache.logging.log4j.spi.AbstractLoggerAdapter.getLogger(AbstractLoggerAdapter.java:52)at org.apache.logging.slf4j.Log4jLoggerFactory.getLogger(Log4jLoggerFactory.java:29)at org.slf4j.LoggerFactory.getLogger(LoggerFactory.java:358)at org.apache.logging.slf4j.SLF4JLoggerContext.getLogger(SLF4JLoggerContext.java:39)at org.apache.logging.slf4j.Log4jLoggerFactory.newLogger(Log4jLoggerFactory.java:37)at org.apache.logging.slf4j.Log4jLoggerFactory.newLogger(Log4jLoggerFactory.java:29)at org.apache.logging.log4j.spi.AbstractLoggerAdapter.getLogger(AbstractLoggerAdapter.java:52)at org.apache.logging.slf4j.Log4jLoggerFactory.getLogger(Log4jLoggerFactory.java:29)at org.slf4j.LoggerFactory.getLogger(LoggerFactory.java:358)at org.apache.logging.slf4j.SLF4JLoggerContext.getLogger(SLF4JLoggerContext.java:39)at org.apache.logging.slf4j.Log4jLoggerFactory.newLogger(Log4jLoggerFactory.java:37)at org.apache.logging.slf4j.Log4jLoggerFactory.newLogger(Log4jLoggerFactory.java:29)at org.apache.logging.log4j.spi.AbstractLoggerAdapter.getLogger(AbstractLoggerAdapter.java:52)at org.apache.logging.slf4j.Log4jLoggerFactory.getLogger(Log4jLoggerFactory.java:29)at org.slf4j.LoggerFactory.getLogger(LoggerFactory.java:358)at org.apache.logging.slf4j.SLF4JLoggerContext.getLogger(SLF4JLoggerContext.java:39)at org.apache.logging.slf4j.Log4jLoggerFactory.newLogger(Log4jLoggerFactory.java:37)at org.apache.logging.slf4j.Log4jLoggerFactory.newLogger(Log4jLoggerFactory.java:29)at org.apache.logging.log4j.spi.AbstractLoggerAdapter.getLogger(AbstractLoggerAdapter.java:52)at org.apache.logging.slf4j.Log4jLoggerFactory.getLogger(Log4jLoggerFactory.java:29)at org.slf4j.LoggerFactory.getLogger(LoggerFactory.java:358)at org.apache.logging.slf4j.SLF4JLoggerContext.getLogger(SLF4JLoggerContext.java:39)at org.apache.logging.slf4j.Log4jLoggerFactory.newLogger(Log4jLoggerFactory.java:37)at org.apache.logging.slf4j.Log4jLoggerFactory.newLogger(Log4jLoggerFactory.java:29)at org.apache.logging.log4j.spi.AbstractLoggerAdapter.getLogger(AbstractLoggerAdapter.java:52)at org.apache.logging.slf4j.Log4jLoggerFactory.getLogger(Log4jLoggerFactory.java:29)at org.slf4j.LoggerFactory.getLogger(LoggerFactory.java:358)at org.apache.logging.slf4j.SLF4JLoggerContext.getLogger(SLF4JLoggerContext.java:39)at org.apache.logging.slf4j.Log4jLoggerFactory.newLogger(Log4jLoggerFactory.java:37)at org.apache.logging.slf4j.Log4jLoggerFactory.newLogger(Log4jLoggerFactory.java:29)at org.apache.logging.log4j.spi.AbstractLoggerAdapter.getLogger(AbstractLoggerAdapter.java:52)at org.apache.logging.slf4j.Log4jLoggerFactory.getLogger(Log4jLoggerFactory.java:29)at org.slf4j.LoggerFactory.getLogger(LoggerFactory.java:358)at org.apache.logging.slf4j.SLF4JLoggerContext.getLogger(SLF4JLoggerContext.java:39)at org.apache.logging.slf4j.Log4jLoggerFactory.newLogger(Log4jLoggerFactory.java:37)at org.apache.logging.slf4j.Log4jLoggerFactory.newLogger(Log4jLoggerFactory.java:29)at org.apache.logging.log4j.spi.AbstractLoggerAdapter.getLogger(AbstractLoggerAdapter.java:52)at org.apache.logging.slf4j.Log4jLoggerFactory.getLogger(Log4jLoggerFactory.java:29)at org.slf4j.LoggerFactory.getLogger(LoggerFactory.java:358)at org.apache.logging.slf4j.SLF4JLoggerContext.getLogger(SLF4JLoggerContext.java:39)at org.apache.logging.slf4j.Log4jLoggerFactory.newLogger(Log4jLoggerFactory.java:37)at org.apache.logging.slf4j.Log4jLoggerFactory.newLogger(Log4jLoggerFactory.java:29)at org.apache.logging.log4j.spi.AbstractLoggerAdapter.getLogger(AbstractLoggerAdapter.java:52)at org.apache.logging.slf4j.Log4jLoggerFactory.getLogger(Log4jLoggerFactory.java:29)at org.slf4j.LoggerFactory.getLogger(LoggerFactory.java:358)at org.apache.logging.slf4j.SLF4JLoggerContext.getLogger(SLF4JLoggerContext.java:39)at org.apache.logging.slf4j.Log4jLoggerFactory.newLogger(Log4jLoggerFactory.java:37)at org.apache.logging.slf4j.Log4jLoggerFactory.newLogger(Log4jLoggerFactory.java:29)at org.apache.logging.log4j.spi.AbstractLoggerAdapter.getLogger(AbstractLoggerAdapter.java:52)at org.apache.logging.slf4j.Log4jLoggerFactory.getLogger(Log4jLoggerFactory.java:29)at org.slf4j.LoggerFactory.getLogger(LoggerFactory.java:358)at org.apache.logging.slf4j.SLF4JLoggerContext.getLogger(SLF4JLoggerContext.java:39)at org.apache.logging.slf4j.Log4jLoggerFactory.newLogger(Log4jLoggerFactory.java:37)at org.apache.logging.slf4j.Log4jLoggerFactory.newLogger(Log4jLoggerFactory.java:29)at org.apache.logging.log4j.spi.AbstractLoggerAdapter.getLogger(AbstractLoggerAdapter.java:52)at org.apache.logging.slf4j.Log4jLoggerFactory.getLogger(Log4jLoggerFactory.java:29)at org.slf4j.LoggerFactory.getLogger(LoggerFactory.java:358)at org.apache.logging.slf4j.SLF4JLoggerContext.getLogger(SLF4JLoggerContext.java:39)at org.apache.logging.slf4j.Log4jLoggerFactory.newLogger(Log4jLoggerFactory.java:37)at org.apache.logging.slf4j.Log4jLoggerFactory.newLogger(Log4jLoggerFactory.java:29)at org.apache.logging.log4j.spi.AbstractLoggerAdapter.getLogger(AbstractLoggerAdapter.java:52)at org.apache.logging.slf4j.Log4jLoggerFactory.getLogger(Log4jLoggerFactory.java:29)at org.slf4j.LoggerFactory.getLogger(LoggerFactory.java:358)at org.apache.logging.slf4j.SLF4JLoggerContext.getLogger(SLF4JLoggerContext.java:39)at org.apache.logging.slf4j.Log4jLoggerFactory.newLogger(Log4jLoggerFactory.java:37)at org.apache.logging.slf4j.Log4jLoggerFactory.newLogger(Log4jLoggerFactory.java:29)at org.apache.logging.log4j.spi.AbstractLoggerAdapter.getLogger(AbstractLoggerAdapter.java:52)at org.apache.logging.slf4j.Log4jLoggerFactory.getLogger(Log4jLoggerFactory.java:29)at org.slf4j.LoggerFactory.getLogger(LoggerFactory.java:358)at org.apache.logging.slf4j.SLF4JLoggerContext.getLogger(SLF4JLoggerContext.java:39)at org.apache.logging.slf4j.Log4jLoggerFactory.newLogger(Log4jLoggerFactory.java:37)at org.apache.logging.slf4j.Log4jLoggerFactory.newLogger(Log4jLoggerFactory.java:29)at org.apache.logging.log4j.spi.AbstractLoggerAdapter.getLogger(AbstractLoggerAdapter.java:52)at org.apache.logging.slf4j.Log4jLoggerFactory.getLogger(Log4jLoggerFactory.java:29)at org.slf4j.LoggerFactory.getLogger(LoggerFactory.java:358)at org.apache.logging.slf4j.SLF4JLoggerContext.getLogger(SLF4JLoggerContext.java:39)at org.apache.logging.slf4j.Log4jLoggerFactory.newLogger(Log4jLoggerFactory.java:37)at org.apache.logging.slf4j.Log4jLoggerFactory.newLogger(Log4jLoggerFactory.java:29)at org.apache.logging.log4j.spi.AbstractLoggerAdapter.getLogger(AbstractLoggerAdapter.java:52)at org.apache.logging.slf4j.Log4jLoggerFactory.getLogger(Log4jLoggerFactory.java:29)at org.slf4j.LoggerFactory.getLogger(LoggerFactory.java:358)at org.apache.logging.slf4j.SLF4JLoggerContext.getLogger(SLF4JLoggerContext.java:39)at org.apache.logging.slf4j.Log4jLoggerFactory.newLogger(Log4jLoggerFactory.java:37)at org.apache.logging.slf4j.Log4jLoggerFactory.newLogger(Log4jLoggerFactory.java:29)at org.apache.logging.log4j.spi.AbstractLoggerAdapter.getLogger(AbstractLoggerAdapter.java:52)at org.apache.logging.slf4j.Log4jLoggerFactory.getLogger(Log4jLoggerFactory.java:29)at org.slf4j.LoggerFactory.getLogger(LoggerFactory.java:358)at org.apache.logging.slf4j.SLF4JLoggerContext.getLogger(SLF4JLoggerContext.java:39)at org.apache.logging.slf4j.Log4jLoggerFactory.newLogger(Log4jLoggerFactory.java:37)at org.apache.logging.slf4j.Log4jLoggerFactory.newLogger(Log4jLoggerFactory.java:29)at org.apache.logging.log4j.spi.AbstractLoggerAdapter.getLogger(AbstractLoggerAdapter.java:52)at org.apache.logging.slf4j.Log4jLoggerFactory.getLogger(Log4jLoggerFactory.java:29)at org.slf4j.LoggerFactory.getLogger(LoggerFactory.java:358)at org.apache.logging.slf4j.SLF4JLoggerContext.getLogger(SLF4JLoggerContext.java:39)at org.apache.logging.slf4j.Log4jLoggerFactory.newLogger(Log4jLoggerFactory.java:37)at org.apache.logging.slf4j.Log4jLoggerFactory.newLogger(Log4jLoggerFactory.java:29)at org.apache.logging.log4j.spi.AbstractLoggerAdapter.getLogger(AbstractLoggerAdapter.java:52)at org.apache.logging.slf4j.Log4jLoggerFactory.getLogger(Log4jLoggerFactory.java:29)at org.slf4j.LoggerFactory.getLogger(LoggerFactory.java:358)at org.apache.logging.slf4j.SLF4JLoggerContext.getLogger(SLF4JLoggerContext.java:39)at org.apache.logging.slf4j.Log4jLoggerFactory.newLogger(Log4jLoggerFactory.java:37)at org.apache.logging.slf4j.Log4jLoggerFactory.newLogger(Log4jLoggerFactory.java:29)at org.apache.logging.log4j.spi.AbstractLoggerAdapter.getLogger(AbstractLoggerAdapter.java:52)at org.apache.logging.slf4j.Log4jLoggerFactory.getLogger(Log4jLoggerFactory.java:29)at org.slf4j.LoggerFactory.getLogger(LoggerFactory.java:358)at org.apache.logging.slf4j.SLF4JLoggerContext.getLogger(SLF4JLoggerContext.java:39)at org.apache.logging.slf4j.Log4jLoggerFactory.newLogger(Log4jLoggerFactory.java:37)at org.apache.logging.slf4j.Log4jLoggerFactory.newLogger(Log4jLoggerFactory.java:29)at org.apache.logging.log4j.spi.AbstractLoggerAdapter.getLogger(AbstractLoggerAdapter.java:52)at org.apache.logging.slf4j.Log4jLoggerFactory.getLogger(Log4jLoggerFactory.java:29)at org.slf4j.LoggerFactory.getLogger(LoggerFactory.java:358)at org.apache.logging.slf4j.SLF4JLoggerContext.getLogger(SLF4JLoggerContext.java:39)at org.apache.logging.slf4j.Log4jLoggerFactory.newLogger(Log4jLoggerFactory.java:37)at org.apache.logging.slf4j.Log4jLoggerFactory.newLogger(Log4jLoggerFactory.java:29)at org.apache.logging.log4j.spi.AbstractLoggerAdapter.getLogger(AbstractLoggerAdapter.java:52)at org.apache.logging.slf4j.Log4jLoggerFactory.getLogger(Log4jLoggerFactory.java:29)at org.slf4j.LoggerFactory.getLogger(LoggerFactory.java:358)at org.apache.logging.slf4j.SLF4JLoggerContext.getLogger(SLF4JLoggerContext.java:39)at org.apache.logging.slf4j.Log4jLoggerFactory.newLogger(Log4jLoggerFactory.java:37)at org.apache.logging.slf4j.Log4jLoggerFactory.newLogger(Log4jLoggerFactory.java:29)at org.apache.logging.log4j.spi.AbstractLoggerAdapter.getLogger(AbstractLoggerAdapter.java:52)at org.apache.logging.slf4j.Log4jLoggerFactory.getLogger(Log4jLoggerFactory.java:29)at org.slf4j.LoggerFactory.getLogger(LoggerFactory.java:358)at org.apache.logging.slf4j.SLF4JLoggerContext.getLogger(SLF4JLoggerContext.java:39)at org.apache.logging.slf4j.Log4jLoggerFactory.newLogger(Log4jLoggerFactory.java:37)at org.apache.logging.slf4j.Log4jLoggerFactory.newLogger(Log4jLoggerFactory.java:29)at org.apache.logging.log4j.spi.AbstractLoggerAdapter.getLogger(AbstractLoggerAdapter.java:52)at org.apache.logging.slf4j.Log4jLoggerFactory.getLogger(Log4jLoggerFactory.java:29)at org.slf4j.LoggerFactory.getLogger(LoggerFactory.java:358)at org.apache.logging.slf4j.SLF4JLoggerContext.getLogger(SLF4JLoggerContext.java:39)at org.apache.logging.slf4j.Log4jLoggerFactory.newLogger(Log4jLoggerFactory.java:37)at org.apache.logging.slf4j.Log4jLoggerFactory.newLogger(Log4jLoggerFactory.java:29)at org.apache.logging.log4j.spi.AbstractLoggerAdapter.getLogger(AbstractLoggerAdapter.java:52)at org.apache.logging.slf4j.Log4jLoggerFactory.getLogger(Log4jLoggerFactory.java:29)at org.slf4j.LoggerFactory.getLogger(LoggerFactory.java:358)at org.apache.logging.slf4j.SLF4JLoggerContext.getLogger(SLF4JLoggerContext.java:39)at org.apache.logging.slf4j.Log4jLoggerFactory.newLogger(Log4jLoggerFactory.java:37)at org.apache.logging.slf4j.Log4jLoggerFactory.newLogger(Log4jLoggerFactory.java:29)at org.apache.logging.log4j.spi.AbstractLoggerAdapter.getLogger(AbstractLoggerAdapter.java:52)at org.apache.logging.slf4j.Log4jLoggerFactory.getLogger(Log4jLoggerFactory.java:29)at org.slf4j.LoggerFactory.getLogger(LoggerFactory.java:358)at org.apache.logging.slf4j.SLF4JLoggerContext.getLogger(SLF4JLoggerContext.java:39)at org.apache.logging.slf4j.Log4jLoggerFactory.newLogger(Log4jLoggerFactory.java:37)at org.apache.logging.slf4j.Log4jLoggerFactory.newLogger(Log4jLoggerFactory.java:29)at org.apache.logging.log4j.spi.AbstractLoggerAdapter.getLogger(AbstractLoggerAdapter.java:52)at org.apache.logging.slf4j.Log4jLoggerFactory.getLogger(Log4jLoggerFactory.java:29)at org.slf4j.LoggerFactory.getLogger(LoggerFactory.java:358)at org.apache.logging.slf4j.SLF4JLoggerContext.getLogger(SLF4JLoggerContext.java:39)at org.apache.logging.slf4j.Log4jLoggerFactory.newLogger(Log4jLoggerFactory.java:37)at org.apache.logging.slf4j.Log4jLoggerFactory.newLogger(Log4jLoggerFactory.java:29)at org.apache.logging.log4j.spi.AbstractLoggerAdapter.getLogger(AbstractLoggerAdapter.java:52)at org.apache.logging.slf4j.Log4jLoggerFactory.getLogger(Log4jLoggerFactory.java:29)at org.slf4j.LoggerFactory.getLogger(LoggerFactory.java:358)at org.apache.logging.slf4j.SLF4JLoggerContext.getLogger(SLF4JLoggerContext.java:39)at org.apache.logging.slf4j.Log4jLoggerFactory.newLogger(Log4jLoggerFactory.java:37)at org.apache.logging.slf4j.Log4jLoggerFactory.newLogger(Log4jLoggerFactory.java:29)at org.apache.logging.log4j.spi.AbstractLoggerAdapter.getLogger(AbstractLoggerAdapter.java:52)at org.apache.logging.slf4j.Log4jLoggerFactory.getLogger(Log4jLoggerFactory.java:29)at org.slf4j.LoggerFactory.getLogger(LoggerFactory.java:358)at org.apache.logging.slf4j.SLF4JLoggerContext.getLogger(SLF4JLoggerContext.java:39)at org.apache.logging.slf4j.Log4jLoggerFactory.newLogger(Log4jLoggerFactory.java:37)at org.apache.logging.slf4j.Log4jLoggerFactory.newLogger(Log4jLoggerFactory.java:29)at org.apache.logging.log4j.spi.AbstractLoggerAdapter.getLogger(AbstractLoggerAdapter.java:52)at org.apache.logging.slf4j.Log4jLoggerFactory.getLogger(Log4jLoggerFactory.java:29)at org.slf4j.LoggerFactory.getLogger(LoggerFactory.java:358)at org.apache.logging.slf4j.SLF4JLoggerContext.getLogger(SLF4JLoggerContext.java:39)at org.apache.logging.slf4j.Log4jLoggerFactory.newLogger(Log4jLoggerFactory.java:37)at org.apache.logging.slf4j.Log4jLoggerFactory.newLogger(Log4jLoggerFactory.java:29)at org.apache.logging.log4j.spi.AbstractLoggerAdapter.getLogger(AbstractLoggerAdapter.java:52)at org.apache.logging.slf4j.Log4jLoggerFactory.getLogger(Log4jLoggerFactory.java:29)at org.slf4j.LoggerFactory.getLogger(LoggerFactory.java:358)at org.apache.logging.slf4j.SLF4JLoggerContext.getLogger(SLF4JLoggerContext.java:39)at org.apache.logging.slf4j.Log4jLoggerFactory.newLogger(Log4jLoggerFactory.java:37)at org.apache.logging.slf4j.Log4jLoggerFactory.newLogger(Log4jLoggerFactory.java:29)at org.apache.logging.log4j.spi.AbstractLoggerAdapter.getLogger(AbstractLoggerAdapter.java:52)at org.apache.logging.slf4j.Log4jLoggerFactory.getLogger(Log4jLoggerFactory.java:29)at org.slf4j.LoggerFactory.getLogger(LoggerFactory.java:358)at org.apache.logging.slf4j.SLF4JLoggerContext.getLogger(SLF4JLoggerContext.java:39)at org.apache.logging.slf4j.Log4jLoggerFactory.newLogger(Log4jLoggerFactory.java:37)at org.apache.logging.slf4j.Log4jLoggerFactory.newLogger(Log4jLoggerFactory.java:29)at org.apache.logging.log4j.spi.AbstractLoggerAdapter.getLogger(AbstractLoggerAdapter.java:52)at org.apache.logging.slf4j.Log4jLoggerFactory.getLogger(Log4jLoggerFactory.java:29)at org.slf4j.LoggerFactory.getLogger(LoggerFactory.java:358)at org.apache.logging.slf4j.SLF4JLoggerContext.getLogger(SLF4JLoggerContext.java:39)at org.apache.logging.slf4j.Log4jLoggerFactory.newLogger(Log4jLoggerFactory.java:37)at org.apache.logging.slf4j.Log4jLoggerFactory.newLogger(Log4jLoggerFactory.java:29)at org.apache.logging.log4j.spi.AbstractLoggerAdapter.getLogger(AbstractLoggerAdapter.java:52)at org.apache.logging.slf4j.Log4jLoggerFactory.getLogger(Log4jLoggerFactory.java:29)at org.slf4j.LoggerFactory.getLogger(LoggerFactory.java:358)at org.apache.logging.slf4j.SLF4JLoggerContext.getLogger(SLF4JLoggerContext.java:39)at org.apache.logging.slf4j.Log4jLoggerFactory.newLogger(Log4jLoggerFactory.java:37)at org.apache.logging.slf4j.Log4jLoggerFactory.newLogger(Log4jLoggerFactory.java:29)at org.apache.logging.log4j.spi.AbstractLoggerAdapter.getLogger(AbstractLoggerAdapter.java:52)at org.apache.logging.slf4j.Log4jLoggerFactory.getLogger(Log4jLoggerFactory.java:29)at org.slf4j.LoggerFactory.getLogger(LoggerFactory.java:358)at org.apache.logging.slf4j.SLF4JLoggerContext.getLogger(SLF4JLoggerContext.java:39)at org.apache.logging.slf4j.Log4jLoggerFactory.newLogger(Log4jLoggerFactory.java:37)at org.apache.logging.slf4j.Log4jLoggerFactory.newLogger(Log4jLoggerFactory.java:29)at org.apache.logging.log4j.spi.AbstractLoggerAdapter.getLogger(AbstractLoggerAdapter.java:52)at org.apache.logging.slf4j.Log4jLoggerFactory.getLogger(Log4jLoggerFactory.java:29)at org.slf4j.LoggerFactory.getLogger(LoggerFactory.java:358)at org.apache.logging.slf4j.SLF4JLoggerContext.getLogger(SLF4JLoggerContext.java:39)at org.apache.logging.slf4j.Log4jLoggerFactory.newLogger(Log4jLoggerFactory.java:37)at org.apache.logging.slf4j.Log4jLoggerFactory.newLogger(Log4jLoggerFactory.java:29)at org.apache.logging.log4j.spi.AbstractLoggerAdapter.getLogger(AbstractLoggerAdapter.java:52)at org.apache.logging.slf4j.Log4jLoggerFactory.getLogger(Log4jLoggerFactory.java:29)at org.slf4j.LoggerFactory.getLogger(LoggerFactory.java:358)at org.apache.logging.slf4j.SLF4JLoggerContext.getLogger(SLF4JLoggerContext.java:39)at org.apache.logging.slf4j.Log4jLoggerFactory.newLogger(Log4jLoggerFactory.java:37)at org.apache.logging.slf4j.Log4jLoggerFactory.newLogger(Log4jLoggerFactory.java:29)at org.apache.logging.log4j.spi.AbstractLoggerAdapter.getLogger(AbstractLoggerAdapter.java:52)at org.apache.logging.slf4j.Log4jLoggerFactory.getLogger(Log4jLoggerFactory.java:29)at org.slf4j.LoggerFactory.getLogger(LoggerFactory.java:358)at org.apache.logging.slf4j.SLF4JLoggerContext.getLogger(SLF4JLoggerContext.java:39)at org.apache.logging.slf4j.Log4jLoggerFactory.newLogger(Log4jLoggerFactory.java:37)at org.apache.logging.slf4j.Log4jLoggerFactory.newLogger(Log4jLoggerFactory.java:29)at org.apache.logging.log4j.spi.AbstractLoggerAdapter.getLogger(AbstractLoggerAdapter.java:52)at org.apache.logging.slf4j.Log4jLoggerFactory.getLogger(Log4jLoggerFactory.java:29)at org.slf4j.LoggerFactory.getLogger(LoggerFactory.java:358)at org.apache.logging.slf4j.SLF4JLoggerContext.getLogger(SLF4JLoggerContext.java:39)at org.apache.logging.slf4j.Log4jLoggerFactory.newLogger(Log4jLoggerFactory.java:37)at org.apache.logging.slf4j.Log4jLoggerFactory.newLogger(Log4jLoggerFactory.java:29)at org.apache.logging.log4j.spi.AbstractLoggerAdapter.getLogger(AbstractLoggerAdapter.java:52)at org.apache.logging.slf4j.Log4jLoggerFactory.getLogger(Log4jLoggerFactory.java:29)at org.slf4j.LoggerFactory.getLogger(LoggerFactory.java:358)at org.apache.logging.slf4j.SLF4JLoggerContext.getLogger(SLF4JLoggerContext.java:39)at org.apache.logging.slf4j.Log4jLoggerFactory.newLogger(Log4jLoggerFactory.java:37)at org.apache.logging.slf4j.Log4jLoggerFactory.newLogger(Log4jLoggerFactory.java:29)at org.apache.logging.log4j.spi.AbstractLoggerAdapter.getLogger(AbstractLoggerAdapter.java:52)at org.apache.logging.slf4j.Log4jLoggerFactory.getLogger(Log4jLoggerFactory.java:29)at org.slf4j.LoggerFactory.getLogger(LoggerFactory.java:358)at org.apache.logging.slf4j.SLF4JLoggerContext.getLogger(SLF4JLoggerContext.java:39)at org.apache.logging.slf4j.Log4jLoggerFactory.newLogger(Log4jLoggerFactory.java:37)at org.apache.logging.slf4j.Log4jLoggerFactory.newLogger(Log4jLoggerFactory.java:29)at org.apache.logging.log4j.spi.AbstractLoggerAdapter.getLogger(AbstractLoggerAdapter.java:52)at org.apache.logging.slf4j.Log4jLoggerFactory.getLogger(Log4jLoggerFactory.java:29)at org.slf4j.LoggerFactory.getLogger(LoggerFactory.java:358)at org.apache.logging.slf4j.SLF4JLoggerContext.getLogger(SLF4JLoggerContext.java:39)at org.apache.logging.slf4j.Log4jLoggerFactory.newLogger(Log4jLoggerFactory.java:37)at org.apache.logging.slf4j.Log4jLoggerFactory.newLogger(Log4jLoggerFactory.java:29)at org.apache.logging.log4j.spi.AbstractLoggerAdapter.getLogger(AbstractLoggerAdapter.java:52)at org.apache.logging.slf4j.Log4jLoggerFactory.getLogger(Log4jLoggerFactory.java:29)at org.slf4j.LoggerFactory.getLogger(LoggerFactory.java:358)at org.apache.logging.slf4j.SLF4JLoggerContext.getLogger(SLF4JLoggerContext.java:39)at org.apache.logging.slf4j.Log4jLoggerFactory.newLogger(Log4jLoggerFactory.java:37)at org.apache.logging.slf4j.Log4jLoggerFactory.newLogger(Log4jLoggerFactory.java:29)at org.apache.logging.log4j.spi.AbstractLoggerAdapter.getLogger(AbstractLoggerAdapter.java:52)at org.apache.logging.slf4j.Log4jLoggerFactory.getLogger(Log4jLoggerFactory.java:29)at org.slf4j.LoggerFactory.getLogger(LoggerFactory.java:358)at org.apache.logging.slf4j.SLF4JLoggerContext.getLogger(SLF4JLoggerContext.java:39)at org.apache.logging.slf4j.Log4jLoggerFactory.newLogger(Log4jLoggerFactory.java:37)at org.apache.logging.slf4j.Log4jLoggerFactory.newLogger(Log4jLoggerFactory.java:29)at org.apache.logging.log4j.spi.AbstractLoggerAdapter.getLogger(AbstractLoggerAdapter.java:52)at org.apache.logging.slf4j.Log4jLoggerFactory.getLogger(Log4jLoggerFactory.java:29)at org.slf4j.LoggerFactory.getLogger(LoggerFactory.java:358)at org.apache.logging.slf4j.SLF4JLoggerContext.getLogger(SLF4JLoggerContext.java:39)at org.apache.logging.slf4j.Log4jLoggerFactory.newLogger(Log4jLoggerFactory.java:37)at org.apache.logging.slf4j.Log4jLoggerFactory.newLogger(Log4jLoggerFactory.java:29)at org.apache.logging.log4j.spi.AbstractLoggerAdapter.getLogger(AbstractLoggerAdapter.java:52)at org.apache.logging.slf4j.Log4jLoggerFactory.getLogger(Log4jLoggerFactory.java:29)at org.slf4j.LoggerFactory.getLogger(LoggerFactory.java:358)at org.apache.logging.slf4j.SLF4JLoggerContext.getLogger(SLF4JLoggerContext.java:39)at org.apache.logging.slf4j.Log4jLoggerFactory.newLogger(Log4jLoggerFactory.java:37)at org.apache.logging.slf4j.Log4jLoggerFactory.newLogger(Log4jLoggerFactory.java:29)at org.apache.logging.log4j.spi.AbstractLoggerAdapter.getLogger(AbstractLoggerAdapter.java:52)at org.apache.logging.slf4j.Log4jLoggerFactory.getLogger(Log4jLoggerFactory.java:29)at org.slf4j.LoggerFactory.getLogger(LoggerFactory.java:358)at org.apache.logging.slf4j.SLF4JLoggerContext.getLogger(SLF4JLoggerContext.java:39)at org.apache.logging.slf4j.Log4jLoggerFactory.newLogger(Log4jLoggerFactory.java:37)at org.apache.logging.slf4j.Log4jLoggerFactory.newLogger(Log4jLoggerFactory.java:29)at org.apache.logging.log4j.spi.AbstractLoggerAdapter.getLogger(AbstractLoggerAdapter.java:52)at org.apache.logging.slf4j.Log4jLoggerFactory.getLogger(Log4jLoggerFactory.java:29)at org.slf4j.LoggerFactory.getLogger(LoggerFactory.java:358)at org.apache.logging.slf4j.SLF4JLoggerContext.getLogger(SLF4JLoggerContext.java:39)at org.apache.logging.slf4j.Log4jLoggerFactory.newLogger(Log4jLoggerFactory.java:37)at org.apache.logging.slf4j.Log4jLoggerFactory.newLogger(Log4jLoggerFactory.java:29)at org.apache.logging.log4j.spi.AbstractLoggerAdapter.getLogger(AbstractLoggerAdapter.java:52)at org.apache.logging.slf4j.Log4jLoggerFactory.getLogger(Log4jLoggerFactory.java:29)at org.slf4j.LoggerFactory.getLogger(LoggerFactory.java:358)at org.apache.logging.slf4j.SLF4JLoggerContext.getLogger(SLF4JLoggerContext.java:39)at org.apache.logging.slf4j.Log4jLoggerFactory.newLogger(Log4jLoggerFactory.java:37)at org.apache.logging.slf4j.Log4jLoggerFactory.newLogger(Log4jLoggerFactory.java:29)at org.apache.logging.log4j.spi.AbstractLoggerAdapter.getLogger(AbstractLoggerAdapter.java:52)at org.apache.logging.slf4j.Log4jLoggerFactory.getLogger(Log4jLoggerFactory.java:29)at org.slf4j.LoggerFactory.getLogger(LoggerFactory.java:358)at org.apache.logging.slf4j.SLF4JLoggerContext.getLogger(SLF4JLoggerContext.java:39)at org.apache.logging.slf4j.Log4jLoggerFactory.newLogger(Log4jLoggerFactory.java:37)at org.apache.logging.slf4j.Log4jLoggerFactory.newLogger(Log4jLoggerFactory.java:29)at org.apache.
[...]
g4jLoggerFactory.newLogger(Log4jLoggerFactory.java:37)at org.apache.logging.slf4j.Log4jLoggerFactory.newLogger(Log4jLoggerFactory.java:29)at org.apache.logging.log4j.spi.AbstractLoggerAdapter.getLogger(AbstractLoggerAdapter.java:52)at org.apache.logging.slf4j.Log4jLoggerFactory.getLogger(Log4jLoggerFactory.java:29)at org.slf4j.LoggerFactory.getLogger(LoggerFactory.java:358)at org.apache.logging.slf4j.SLF4JLoggerContext.getLogger(SLF4JLoggerContext.java:39)at org.apache.logging.slf4j.Log4jLoggerFactory.newLogger(Log4jLoggerFactory.java:37)at org.apache.logging.slf4j.Log4jLoggerFactory.newLogger(Log4jLoggerFactory.java:29)at org.apache.logging.log4j.spi.AbstractLoggerAdapter.getLogger(AbstractLoggerAdapter.java:52)at org.apache.logging.slf4j.Log4jLoggerFactory.getLogger(Log4jLoggerFactory.java:29)at org.slf4j.LoggerFactory.getLogger(LoggerFactory.java:358)at org.apache.logging.slf4j.SLF4JLoggerContext.getLogger(SLF4JLoggerContext.java:39)at org.apache.logging.slf4j.Log4jLoggerFactory.newLogger(Log4jLoggerFactory.java:37)at org.apache.logging.slf4j.Log4jLoggerFactory.newLogger(Log4jLoggerFactory.java:29)at org.apache.logging.log4j.spi.AbstractLoggerAdapter.getLogger(AbstractLoggerAdapter.java:52)at org.apache.logging.slf4j.Log4jLoggerFactory.getLogger(Log4jLoggerFactory.java:29)at org.slf4j.LoggerFactory.getLogger(LoggerFactory.java:358)at org.apache.logging.slf4j.SLF4JLoggerContext.getLogger(SLF4JLoggerContext.java:39)at org.apache.logging.slf4j.Log4jLoggerFactory.newLogger(Log4jLoggerFactory.java:37)at org.apache.logging.slf4j.Log4jLoggerFactory.newLogger(Log4jLoggerFactory.java:29)at org.apache.logging.log4j.spi.AbstractLoggerAdapter.getLogger(AbstractLoggerAdapter.java:52)at org.apache.logging.slf4j.Log4jLoggerFactory.getLogger(Log4jLoggerFactory.java:29)at org.slf4j.LoggerFactory.getLogger(LoggerFactory.java:358)at org.apache.logging.slf4j.SLF4JLoggerContext.getLogger(SLF4JLoggerContext.java:39)at org.apache.logging.slf4j.Log4jLoggerFactory.newLogger(Log4jLoggerFactory.java:37)at org.apache.logging.slf4j.Log4jLoggerFactory.newLogger(Log4jLoggerFactory.java:29)at org.apache.logging.log4j.spi.AbstractLoggerAdapter.getLogger(AbstractLoggerAdapter.java:52)at org.apache.logging.slf4j.Log4jLoggerFactory.getLogger(Log4jLoggerFactory.java:29)at org.slf4j.LoggerFactory.getLogger(LoggerFactory.java:358)at org.apache.logging.slf4j.SLF4JLoggerContext.getLogger(SLF4JLoggerContext.java:39)at org.apache.logging.slf4j.Log4jLoggerFactory.newLogger(Log4jLoggerFactory.java:37)at org.apache.logging.slf4j.Log4jLoggerFactory.newLogger(Log4jLoggerFactory.java:29)at org.apache.logging.log4j.spi.AbstractLoggerAdapter.getLogger(AbstractLoggerAdapter.java:52)at org.apache.logging.slf4j.Log4jLoggerFactory.getLogger(Log4jLoggerFactory.java:29)at org.slf4j.LoggerFactory.getLogger(LoggerFactory.java:358)at org.apache.logging.slf4j.SLF4JLoggerContext.getLogger(SLF4JLoggerContext.java:39)at org.apache.logging.slf4j.Log4jLoggerFactory.newLogger(Log4jLoggerFactory.java:37)at org.apache.logging.slf4j.Log4jLoggerFactory.newLogger(Log4jLoggerFactory.java:29)at org.apache.logging.log4j.spi.AbstractLoggerAdapter.getLogger(AbstractLoggerAdapter.java:52)at org.apache.logging.slf4j.Log4jLoggerFactory.getLogger(Log4jLoggerFactory.java:29)at org.slf4j.LoggerFactory.getLogger(LoggerFactory.java:358)at org.apache.logging.slf4j.SLF4JLoggerContext.getLogger(SLF4JLoggerContext.java:39)at org.apache.logging.slf4j.Log4jLoggerFactory.newLogger(Log4jLoggerFactory.java:37)at org.apache.logging.slf4j.Log4jLoggerFactory.newLogger(Log4jLoggerFactory.java:29)at org.apache.logging.log4j.spi.AbstractLoggerAdapter.getLogger(AbstractLoggerAdapter.java:52)at org.apache.logging.slf4j.Log4jLoggerFactory.getLogger(Log4jLoggerFactory.java:29)at org.slf4j.LoggerFactory.getLogger(LoggerFactory.java:358)at org.apache.logging.slf4j.SLF4JLoggerContext.getLogger(SLF4JLoggerContext.java:39)at org.apache.logging.slf4j.Log4jLoggerFactory.newLogger(Log4jLoggerFactory.java:37)at org.apache.logging.slf4j.Log4jLoggerFactory.newLogger(Log4jLoggerFactory.java:29)at org.apache.logging.log4j.spi.AbstractLoggerAdapter.getLogger(AbstractLoggerAdapter.java:52)at org.apache.logging.slf4j.Log4jLoggerFactory.getLogger(Log4jLoggerFactory.java:29)at org.slf4j.LoggerFactory.getLogger(LoggerFactory.java:358)at org.apache.logging.slf4j.SLF4JLoggerContext.getLogger(SLF4JLoggerContext.java:39)at org.apache.logging.slf4j.Log4jLoggerFactory.newLogger(Log4jLoggerFactory.java:37)at org.apache.logging.slf4j.Log4jLoggerFactory.newLogger(Log4jLoggerFactory.java:29)at org.apache.logging.log4j.spi.AbstractLoggerAdapter.getLogger(AbstractLoggerAdapter.java:52)at org.apache.logging.slf4j.Log4jLoggerFactory.getLogger(Log4jLoggerFactory.java:29)at org.slf4j.LoggerFactory.getLogger(LoggerFactory.java:358)at org.apache.logging.slf4j.SLF4JLoggerContext.getLogger(SLF4JLoggerContext.java:39)at org.apache.logging.slf4j.Log4jLoggerFactory.newLogger(Log4jLoggerFactory.java:37)at org.apache.logging.slf4j.Log4jLoggerFactory.newLogger(Log4jLoggerFactory.java:29)at org.apache.logging.log4j.spi.AbstractLoggerAdapter.getLogger(AbstractLoggerAdapter.java:52)at org.apache.logging.slf4j.Log4jLoggerFactory.getLogger(Log4jLoggerFactory.java:29)at org.slf4j.LoggerFactory.getLogger(LoggerFactory.java:358)at org.apache.logging.slf4j.SLF4JLoggerContext.getLogger(SLF4JLoggerContext.java:39)at org.apache.logging.slf4j.Log4jLoggerFactory.newLogger(Log4jLoggerFactory.java:37)at org.apache.logging.slf4j.Log4jLoggerFactory.newLogger(Log4jLoggerFactory.java:29)at org.apache.logging.log4j.spi.AbstractLoggerAdapter.getLogger(AbstractLoggerAdapter.java:52)at org.apache.logging.slf4j.Log4jLoggerFactory.getLogger(Log4jLoggerFactory.java:29)at org.slf4j.LoggerFactory.getLogger(LoggerFactory.java:358)at org.apache.logging.slf4j.SLF4JLoggerContext.getLogger(SLF4JLoggerContext.java:39)at org.apache.logging.slf4j.Log4jLoggerFactory.newLogger(Log4jLoggerFactory.java:37)at org.apache.logging.slf4j.Log4jLoggerFactory.newLogger(Log4jLoggerFactory.java:29)at org.apache.logging.log4j.spi.AbstractLoggerAdapter.getLogger(AbstractLoggerAdapter.java:52)at org.apache.logging.slf4j.Log4jLoggerFactory.getLogger(Log4jLoggerFactory.java:29)at org.slf4j.LoggerFactory.getLogger(LoggerFactory.java:358)at org.apache.logging.slf4j.SLF4JLoggerContext.getLogger(SLF4JLoggerContext.java:39)at org.apache.logging.slf4j.Log4jLoggerFactory.newLogger(Log4jLoggerFactory.java:37)at org.apache.logging.slf4j.Log4jLoggerFactory.newLogger(Log4jLoggerFactory.java:29)at org.apache.logging.log4j.spi.AbstractLoggerAdapter.getLogger(AbstractLoggerAdapter.java:52)at org.apache.logging.slf4j.Log4jLoggerFactory.getLogger(Log4jLoggerFactory.java:29)at org.slf4j.LoggerFactory.getLogger(LoggerFactory.java:358)at org.apache.logging.slf4j.SLF4JLoggerContext.getLogger(SLF4JLoggerContext.java:39)at org.apache.logging.slf4j.Log4jLoggerFactory.newLogger(Log4jLoggerFactory.java:37)at org.apache.logging.slf4j.Log4jLoggerFactory.newLogger(Log4jLoggerFactory.java:29)at org.apache.logging.log4j.spi.AbstractLoggerAdapter.getLogger(AbstractLoggerAdapter.java:52)at org.apache.logging.slf4j.Log4jLoggerFactory.getLogger(Log4jLoggerFactory.java:29)at org.slf4j.LoggerFactory.getLogger(LoggerFactory.java:358)at org.apache.logging.slf4j.SLF4JLoggerContext.getLogger(SLF4JLoggerContext.java:39)at org.apache.logging.slf4j.Log4jLoggerFactory.newLogger(Log4jLoggerFactory.java:37)at org.apache.logging.slf4j.Log4jLoggerFactory.newLogger(Log4jLoggerFactory.java:29)at org.apache.logging.log4j.spi.AbstractLoggerAdapter.getLogger(AbstractLoggerAdapter.java:52)at org.apache.logging.slf4j.Log4jLoggerFactory.getLogger(Log4jLoggerFactory.java:29)at org.slf4j.LoggerFactory.getLogger(LoggerFactory.java:358)at org.apache.logging.slf4j.SLF4JLoggerContext.getLogger(SLF4JLoggerContext.java:39)at org.apache.logging.slf4j.Log4jLoggerFactory.newLogger(Log4jLoggerFactory.java:37)at org.apache.logging.slf4j.Log4jLoggerFactory.newLogger(Log4jLoggerFactory.java:29)at org.apache.logging.log4j.spi.AbstractLoggerAdapter.getLogger(AbstractLoggerAdapter.java:52)at org.apache.logging.slf4j.Log4jLoggerFactory.getLogger(Log4jLoggerFactory.java:29)at org.slf4j.LoggerFactory.getLogger(LoggerFactory.java:358)at org.apache.logging.slf4j.SLF4JLoggerContext.getLogger(SLF4JLoggerContext.java:39)at org.apache.logging.slf4j.Log4jLoggerFactory.newLogger(Log4jLoggerFactory.java:37)at org.apache.logging.slf4j.Log4jLoggerFactory.newLogger(Log4jLoggerFactory.java:29)at org.apache.logging.log4j.spi.AbstractLoggerAdapter.getLogger(AbstractLoggerAdapter.java:52)at org.apache.logging.slf4j.Log4jLoggerFactory.getLogger(Log4jLoggerFactory.java:29)at org.slf4j.LoggerFactory.getLogger(LoggerFactory.java:358)at org.apache.logging.slf4j.SLF4JLoggerContext.getLogger(SLF4JLoggerContext.java:39)at org.apache.logging.slf4j.Log4jLoggerFactory.newLogger(Log4jLoggerFactory.java:37)at org.apache.logging.slf4j.Log4jLoggerFactory.newLogger(Log4jLoggerFactory.java:29)at org.apache.logging.log4j.spi.AbstractLoggerAdapter.getLogger(AbstractLoggerAdapter.java:52)at org.apache.logging.slf4j.Log4jLoggerFactory.getLogger(Log4jLoggerFactory.java:29)at org.slf4j.LoggerFactory.getLogger(LoggerFactory.java:358)at org.apache.logging.slf4j.SLF4JLoggerContext.getLogger(SLF4JLoggerContext.java:39)at org.apache.logging.slf4j.Log4jLoggerFactory.newLogger(Log4jLoggerFactory.java:37)at org.apache.logging.slf4j.Log4jLoggerFactory.newLogger(Log4jLoggerFactory.java:29)at org.apache.logging.log4j.spi.AbstractLoggerAdapter.getLogger(AbstractLoggerAdapter.java:52)at org.apache.logging.slf4j.Log4jLoggerFactory.getLogger(Log4jLoggerFactory.java:29)at org.slf4j.LoggerFactory.getLogger(LoggerFactory.java:358)at org.apache.logging.slf4j.SLF4JLoggerContext.getLogger(SLF4JLoggerContext.java:39)at org.apache.logging.slf4j.Log4jLoggerFactory.newLogger(Log4jLoggerFactory.java:37)at org.apache.logging.slf4j.Log4jLoggerFactory.newLogger(Log4jLoggerFactory.java:29)at org.apache.logging.log4j.spi.AbstractLoggerAdapter.getLogger(AbstractLoggerAdapter.java:52)at org.apache.logging.slf4j.Log4jLoggerFactory.getLogger(Log4jLoggerFactory.java:29)at org.slf4j.LoggerFactory.getLogger(LoggerFactory.java:358)at org.apache.logging.slf4j.SLF4JLoggerContext.getLogger(SLF4JLoggerContext.java:39)at org.apache.logging.slf4j.Log4jLoggerFactory.newLogger(Log4jLoggerFactory.java:37)at org.apache.logging.slf4j.Log4jLoggerFactory.newLogger(Log4jLoggerFactory.java:29)at org.apache.logging.log4j.spi.AbstractLoggerAdapter.getLogger(AbstractLoggerAdapter.java:52)at org.apache.logging.slf4j.Log4jLoggerFactory.getLogger(Log4jLoggerFactory.java:29)at org.slf4j.LoggerFactory.getLogger(LoggerFactory.java:358)at org.apache.logging.slf4j.SLF4JLoggerContext.getLogger(SLF4JLoggerContext.java:39)at org.apache.logging.slf4j.Log4jLoggerFactory.newLogger(Log4jLoggerFactory.java:37)at org.apache.logging.slf4j.Log4jLoggerFactory.newLogger(Log4jLoggerFactory.java:29)at org.apache.logging.log4j.spi.AbstractLoggerAdapter.getLogger(AbstractLoggerAdapter.java:52)at org.apache.logging.slf4j.Log4jLoggerFactory.getLogger(Log4jLoggerFactory.java:29)at org.slf4j.LoggerFactory.getLogger(LoggerFactory.java:358)at org.apache.logging.slf4j.SLF4JLoggerContext.getLogger(SLF4JLoggerContext.java:39)at org.apache.logging.slf4j.Log4jLoggerFactory.newLogger(Log4jLoggerFactory.java:37)at org.apache.logging.slf4j.Log4jLoggerFactory.newLogger(Log4jLoggerFactory.java:29)at org.apache.logging.log4j.spi.AbstractLoggerAdapter.getLogger(AbstractLoggerAdapter.java:52)at org.apache.logging.slf4j.Log4jLoggerFactory.getLogger(Log4jLoggerFactory.java:29)at org.slf4j.LoggerFactory.getLogger(LoggerFactory.java:358)at org.apache.logging.slf4j.SLF4JLoggerContext.getLogger(SLF4JLoggerContext.java:39)at org.apache.logging.slf4j.Log4jLoggerFactory.newLogger(Log4jLoggerFactory.java:37)at org.apache.logging.slf4j.Log4jLoggerFactory.newLogger(Log4jLoggerFactory.java:29)at org.apache.logging.log4j.spi.AbstractLoggerAdapter.getLogger(AbstractLoggerAdapter.java:52)at org.apache.logging.slf4j.Log4jLoggerFactory.getLogger(Log4jLoggerFactory.java:29)at org.slf4j.LoggerFactory.getLogger(LoggerFactory.java:358)at org.apache.logging.slf4j.SLF4JLoggerContext.getLogger(SLF4JLoggerContext.java:39)at org.apache.logging.slf4j.Log4jLoggerFactory.newLogger(Log4jLoggerFactory.java:37)at org.apache.logging.slf4j.Log4jLoggerFactory.newLogger(Log4jLoggerFactory.java:29)at org.apache.logging.log4j.spi.AbstractLoggerAdapter.getLogger(AbstractLoggerAdapter.java:52)at org.apache.logging.slf4j.Log4jLoggerFactory.getLogger(Log4jLoggerFactory.java:29)at org.slf4j.LoggerFactory.getLogger(LoggerFactory.java:358)at org.apache.logging.slf4j.SLF4JLoggerContext.getLogger(SLF4JLoggerContext.java:39)at org.apache.logging.slf4j.Log4jLoggerFactory.newLogger(Log4jLoggerFactory.java:37)at org.apache.logging.slf4j.Log4jLoggerFactory.newLogger(Log4jLoggerFactory.java:29)at org.apache.logging.log4j.spi.AbstractLoggerAdapter.getLogger(AbstractLoggerAdapter.java:52)at org.apache.logging.slf4j.Log4jLoggerFactory.getLogger(Log4jLoggerFactory.java:29)at org.slf4j.LoggerFactory.getLogger(LoggerFactory.java:358)at org.apache.logging.slf4j.SLF4JLoggerContext.getLogger(SLF4JLoggerContext.java:39)at org.apache.logging.slf4j.Log4jLoggerFactory.newLogger(Log4jLoggerFactory.java:37)at org.apache.logging.slf4j.Log4jLoggerFactory.newLogger(Log4jLoggerFactory.java:29)at org.apache.logging.log4j.spi.AbstractLoggerAdapter.getLogger(AbstractLoggerAdapter.java:52)at org.apache.logging.slf4j.Log4jLoggerFactory.getLogger(Log4jLoggerFactory.java:29)at org.slf4j.LoggerFactory.getLogger(LoggerFactory.java:358)at org.apache.logging.slf4j.SLF4JLoggerContext.getLogger(SLF4JLoggerContext.java:39)at org.apache.logging.slf4j.Log4jLoggerFactory.newLogger(Log4jLoggerFactory.java:37)at org.apache.logging.slf4j.Log4jLoggerFactory.newLogger(Log4jLoggerFactory.java:29)at org.apache.logging.log4j.spi.AbstractLoggerAdapter.getLogger(AbstractLoggerAdapter.java:52)at org.apache.logging.slf4j.Log4jLoggerFactory.getLogger(Log4jLoggerFactory.java:29)at org.slf4j.LoggerFactory.getLogger(LoggerFactory.java:358)at org.apache.logging.slf4j.SLF4JLoggerContext.getLogger(SLF4JLoggerContext.java:39)at org.apache.logging.slf4j.Log4jLoggerFactory.newLogger(Log4jLoggerFactory.java:37)at org.apache.logging.slf4j.Log4jLoggerFactory.newLogger(Log4jLoggerFactory.java:29)at org.apache.logging.log4j.spi.AbstractLoggerAdapter.getLogger(AbstractLoggerAdapter.java:52)at org.apache.logging.slf4j.Log4jLoggerFactory.getLogger(Log4jLoggerFactory.java:29)at org.slf4j.LoggerFactory.getLogger(LoggerFactory.java:358)at org.apache.logging.slf4j.SLF4JLoggerContext.getLogger(SLF4JLoggerContext.java:39)at org.apache.logging.slf4j.Log4jLoggerFactory.newLogger(Log4jLoggerFactory.java:37)at org.apache.logging.slf4j.Log4jLoggerFactory.newLogger(Log4jLoggerFactory.java:29)at org.apache.logging.log4j.spi.AbstractLoggerAdapter.getLogger(AbstractLoggerAdapter.java:52)at org.apache.logging.slf4j.Log4jLoggerFactory.getLogger(Log4jLoggerFactory.java:29)at org.slf4j.LoggerFactory.getLogger(LoggerFactory.java:358)at org.apache.logging.slf4j.SLF4JLoggerContext.getLogger(SLF4JLoggerContext.java:39)at org.apache.logging.slf4j.Log4jLoggerFactory.newLogger(Log4jLoggerFactory.java:37)at org.apache.logging.slf4j.Log4jLoggerFactory.newLogger(Log4jLoggerFactory.java:29)at org.apache.logging.log4j.spi.AbstractLoggerAdapter.getLogger(AbstractLoggerAdapter.java:52)at org.apache.logging.slf4j.Log4jLoggerFactory.getLogger(Log4jLoggerFactory.java:29)at org.slf4j.LoggerFactory.getLogger(LoggerFactory.java:358)at org.apache.logging.slf4j.SLF4JLoggerContext.getLogger(SLF4JLoggerContext.java:39)at org.apache.logging.slf4j.Log4jLoggerFactory.newLogger(Log4jLoggerFactory.java:37)at org.apache.logging.slf4j.Log4jLoggerFactory.newLogger(Log4jLoggerFactory.java:29)at org.apache.logging.log4j.spi.AbstractLoggerAdapter.getLogger(AbstractLoggerAdapter.java:52)at org.apache.logging.slf4j.Log4jLoggerFactory.getLogger(Log4jLoggerFactory.java:29)at org.slf4j.LoggerFactory.getLogger(LoggerFactory.java:358)at org.apache.logging.slf4j.SLF4JLoggerContext.getLogger(SLF4JLoggerContext.java:39)at org.apache.logging.slf4j.Log4jLoggerFactory.newLogger(Log4jLoggerFactory.java:37)at org.apache.logging.slf4j.Log4jLoggerFactory.newLogger(Log4jLoggerFactory.java:29)at org.apache.logging.log4j.spi.AbstractLoggerAdapter.getLogger(AbstractLoggerAdapter.java:52)at org.apache.logging.slf4j.Log4jLoggerFactory.getLogger(Log4jLoggerFactory.java:29)at org.slf4j.LoggerFactory.getLogger(LoggerFactory.java:358)at org.apache.logging.slf4j.SLF4JLoggerContext.getLogger(SLF4JLoggerContext.java:39)at org.apache.logging.slf4j.Log4jLoggerFactory.newLogger(Log4jLoggerFactory.java:37)at org.apache.logging.slf4j.Log4jLoggerFactory.newLogger(Log4jLoggerFactory.java:29)at org.apache.logging.log4j.spi.AbstractLoggerAdapter.getLogger(AbstractLoggerAdapter.java:52)at org.apache.logging.slf4j.Log4jLoggerFactory.getLogger(Log4jLoggerFactory.java:29)at org.slf4j.LoggerFactory.getLogger(LoggerFactory.java:358)at org.apache.logging.slf4j.SLF4JLoggerContext.getLogger(SLF4JLoggerContext.java:39)at org.apache.logging.slf4j.Log4jLoggerFactory.newLogger(Log4jLoggerFactory.java:37)at org.apache.logging.slf4j.Log4jLoggerFactory.newLogger(Log4jLoggerFactory.java:29)at org.apache.logging.log4j.spi.AbstractLoggerAdapter.getLogger(AbstractLoggerAdapter.java:52)at org.apache.logging.slf4j.Log4jLoggerFactory.getLogger(Log4jLoggerFactory.java:29)at org.slf4j.LoggerFactory.getLogger(LoggerFactory.java:358)at org.apache.logging.slf4j.SLF4JLoggerContext.getLogger(SLF4JLoggerContext.java:39)at org.apache.logging.slf4j.Log4jLoggerFactory.newLogger(Log4jLoggerFactory.java:37)at org.apache.logging.slf4j.Log4jLoggerFactory.newLogger(Log4jLoggerFactory.java:29)at org.apache.logging.log4j.spi.AbstractLoggerAdapter.getLogger(AbstractLoggerAdapter.java:52)at org.apache.logging.slf4j.Log4jLoggerFactory.getLogger(Log4jLoggerFactory.java:29)at org.slf4j.LoggerFactory.getLogger(LoggerFactory.java:358)at org.apache.logging.slf4j.SLF4JLoggerContext.getLogger(SLF4JLoggerContext.java:39)at org.apache.logging.slf4j.Log4jLoggerFactory.newLogger(Log4jLoggerFactory.java:37)at org.apache.logging.slf4j.Log4jLoggerFactory.newLogger(Log4jLoggerFactory.java:29)at org.apache.logging.log4j.spi.AbstractLoggerAdapter.getLogger(AbstractLoggerAdapter.java:52)at org.apache.logging.slf4j.Log4jLoggerFactory.getLogger(Log4jLoggerFactory.java:29)at org.slf4j.LoggerFactory.getLogger(LoggerFactory.java:358)at org.apache.logging.slf4j.SLF4JLoggerContext.getLogger(SLF4JLoggerContext.java:39)at org.apache.logging.slf4j.Log4jLoggerFactory.newLogger(Log4jLoggerFactory.java:37)at org.apache.logging.slf4j.Log4jLoggerFactory.newLogger(Log4jLoggerFactory.java:29)at org.apache.logging.log4j.spi.AbstractLoggerAdapter.getLogger(AbstractLoggerAdapter.java:52)at org.apache.logging.slf4j.Log4jLoggerFactory.getLogger(Log4jLoggerFactory.java:29)at org.slf4j.LoggerFactory.getLogger(LoggerFactory.java:358)at org.apache.logging.slf4j.SLF4JLoggerContext.getLogger(SLF4JLoggerContext.java:39)at org.apache.logging.slf4j.Log4jLoggerFactory.newLogger(Log4jLoggerFactory.java:37)at org.apache.logging.slf4j.Log4jLoggerFactory.newLogger(Log4jLoggerFactory.java:29)at org.apache.logging.log4j.spi.AbstractLoggerAdapter.getLogger(AbstractLoggerAdapter.java:52)]]>
            </full-stacktrace>
          </exception> <!-- java.lang.StackOverflowError -->
          <reporter-output>
          </reporter-output>
        </test-method> <!-- main -->
        <test-method status="SKIP" signature="afterMethod()[pri:0, instance:testCases.Framework_001@64485a47]" name="afterMethod" is-config="true" duration-ms="0" started-at="2018-03-05T20:05:20Z" finished-at="2018-03-05T20:05:20Z">
          <reporter-output>
          </reporter-output>
        </test-method> <!-- afterMethod -->
      </class> <!-- testCases.Framework_001 -->
    </test> <!-- Default test -->
  </suite> <!-- Default suite -->
</testng-results>
